{"/home/steve/Desktop/DeveloperSteve/projects/freeman/chainenv/chainev-api/src/components/auth/auth.module.ts": {"path":"/home/steve/Desktop/DeveloperSteve/projects/freeman/chainenv/chainev-api/src/components/auth/auth.module.ts","statementMap":{"0":{"start":{"line":1,"column":0},"end":{"line":1,"column":52}},"1":{"start":{"line":2,"column":0},"end":{"line":2,"column":49}},"2":{"start":{"line":3,"column":0},"end":{"line":3,"column":63}},"3":{"start":{"line":4,"column":0},"end":{"line":4,"column":54}},"4":{"start":{"line":12,"column":7},"end":{"line":12,"column":null}},"5":{"start":{"line":12,"column":13},"end":{"line":12,"column":null}},"6":{"start":{"line":7,"column":29},"end":{"line":7,"column":39}},"7":{"start":{"line":12,"column":13},"end":{"line":12,"column":23}}},"fnMap":{"0":{"name":"(anonymous_1)","decl":{"start":{"line":7,"column":23},"end":{"line":7,"column":26}},"loc":{"start":{"line":7,"column":29},"end":{"line":7,"column":39}}}},"branchMap":{},"s":{"0":0,"1":0,"2":0,"3":0,"4":0,"5":0,"6":0,"7":0},"f":{"0":0},"b":{}}
,"/home/steve/Desktop/DeveloperSteve/projects/freeman/chainenv/chainev-api/src/components/auth/controllers/auth.controller.ts": {"path":"/home/steve/Desktop/DeveloperSteve/projects/freeman/chainenv/chainev-api/src/components/auth/controllers/auth.controller.ts","statementMap":{"0":{"start":{"line":1,"column":0},"end":{"line":1,"column":76}},"1":{"start":{"line":2,"column":0},"end":{"line":2,"column":71}},"2":{"start":{"line":3,"column":0},"end":{"line":3,"column":65}},"3":{"start":{"line":4,"column":0},"end":{"line":4,"column":55}},"4":{"start":{"line":7,"column":7},"end":{"line":30,"column":null}},"5":{"start":{"line":10,"column":21},"end":{"line":10,"column":34}},"6":{"start":{"line":18,"column":17},"end":{"line":18,"column":54}},"7":{"start":{"line":19,"column":4},"end":{"line":19,"column":74}},"8":{"start":{"line":27,"column":22},"end":{"line":27,"column":56}},"9":{"start":{"line":28,"column":4},"end":{"line":28,"column":64}},"10":{"start":{"line":17,"column":8},"end":{"line":20,"column":null}},"11":{"start":{"line":26,"column":8},"end":{"line":29,"column":null}},"12":{"start":{"line":7,"column":13},"end":{"line":30,"column":null}},"13":{"start":{"line":9,"column":29},"end":{"line":9,"column":40}},"14":{"start":{"line":7,"column":13},"end":{"line":7,"column":27}}},"fnMap":{"0":{"name":"(anonymous_4)","decl":{"start":{"line":8,"column":2},"end":{"line":8,"column":null}},"loc":{"start":{"line":10,"column":45},"end":{"line":11,"column":6}}},"1":{"name":"(anonymous_5)","decl":{"start":{"line":17,"column":2},"end":{"line":17,"column":7}},"loc":{"start":{"line":17,"column":51},"end":{"line":20,"column":3}}},"2":{"name":"(anonymous_6)","decl":{"start":{"line":26,"column":2},"end":{"line":26,"column":7}},"loc":{"start":{"line":26,"column":36},"end":{"line":29,"column":3}}},"3":{"name":"(anonymous_7)","decl":{"start":{"line":9,"column":23},"end":{"line":9,"column":26}},"loc":{"start":{"line":9,"column":29},"end":{"line":9,"column":40}}}},"branchMap":{},"s":{"0":1,"1":1,"2":1,"3":1,"4":1,"5":2,"6":1,"7":1,"8":1,"9":1,"10":1,"11":1,"12":1,"13":2,"14":1},"f":{"0":2,"1":1,"2":1,"3":2},"b":{}}
,"/home/steve/Desktop/DeveloperSteve/projects/freeman/chainenv/chainev-api/src/components/auth/dto/auth.dto.ts": {"path":"/home/steve/Desktop/DeveloperSteve/projects/freeman/chainenv/chainev-api/src/components/auth/dto/auth.dto.ts","statementMap":{"0":{"start":{"line":1,"column":0},"end":{"line":1,"column":75}},"1":{"start":{"line":2,"column":0},"end":{"line":2,"column":46}},"2":{"start":{"line":3,"column":0},"end":{"line":3,"column":74}},"3":{"start":{"line":6,"column":2},"end":{"line":9,"column":null}},"4":{"start":{"line":11,"column":2},"end":{"line":14,"column":null}},"5":{"start":{"line":16,"column":2},"end":{"line":19,"column":null}},"6":{"start":{"line":21,"column":2},"end":{"line":23,"column":null}},"7":{"start":{"line":21,"column":25},"end":{"line":21,"column":60}},"8":{"start":{"line":25,"column":2},"end":{"line":28,"column":null}},"9":{"start":{"line":5,"column":0},"end":{"line":5,"column":13}},"10":{"start":{"line":32,"column":2},"end":{"line":35,"column":null}},"11":{"start":{"line":32,"column":25},"end":{"line":32,"column":60}},"12":{"start":{"line":37,"column":2},"end":{"line":39,"column":null}},"13":{"start":{"line":31,"column":0},"end":{"line":31,"column":13}},"14":{"start":{"line":43,"column":2},"end":{"line":46,"column":null}},"15":{"start":{"line":43,"column":25},"end":{"line":43,"column":60}},"16":{"start":{"line":42,"column":0},"end":{"line":42,"column":13}},"17":{"start":{"line":50,"column":2},"end":{"line":52,"column":null}},"18":{"start":{"line":54,"column":2},"end":{"line":56,"column":null}},"19":{"start":{"line":49,"column":0},"end":{"line":49,"column":13}},"20":{"start":{"line":60,"column":2},"end":{"line":62,"column":null}},"21":{"start":{"line":64,"column":2},"end":{"line":66,"column":null}},"22":{"start":{"line":59,"column":0},"end":{"line":59,"column":13}}},"fnMap":{"0":{"name":"(anonymous_2)","decl":{"start":{"line":21,"column":13},"end":{"line":21,"column":14}},"loc":{"start":{"line":21,"column":25},"end":{"line":21,"column":60}}},"1":{"name":"(anonymous_3)","decl":{"start":{"line":32,"column":13},"end":{"line":32,"column":14}},"loc":{"start":{"line":32,"column":25},"end":{"line":32,"column":60}}},"2":{"name":"(anonymous_4)","decl":{"start":{"line":43,"column":13},"end":{"line":43,"column":14}},"loc":{"start":{"line":43,"column":25},"end":{"line":43,"column":60}}}},"branchMap":{},"s":{"0":1,"1":1,"2":1,"3":1,"4":1,"5":1,"6":1,"7":0,"8":1,"9":1,"10":1,"11":0,"12":1,"13":1,"14":1,"15":0,"16":1,"17":1,"18":1,"19":1,"20":1,"21":1,"22":1},"f":{"0":0,"1":0,"2":0},"b":{}}
,"/home/steve/Desktop/DeveloperSteve/projects/freeman/chainenv/chainev-api/src/components/auth/services/auth.service.ts": {"path":"/home/steve/Desktop/DeveloperSteve/projects/freeman/chainenv/chainev-api/src/components/auth/services/auth.service.ts","statementMap":{"0":{"start":{"line":1,"column":0},"end":{"line":1,"column":null}},"1":{"start":{"line":7,"column":0},"end":{"line":7,"column":36}},"2":{"start":{"line":8,"column":0},"end":{"line":8,"column":33}},"3":{"start":{"line":9,"column":0},"end":{"line":9,"column":63}},"4":{"start":{"line":21,"column":7},"end":{"line":92,"column":null}},"5":{"start":{"line":27,"column":21},"end":{"line":27,"column":34}},"6":{"start":{"line":22,"column":2},"end":{"line":22,"column":56}},"7":{"start":{"line":23,"column":2},"end":{"line":23,"column":39}},"8":{"start":{"line":36,"column":4},"end":{"line":38,"column":7}},"9":{"start":{"line":45,"column":4},"end":{"line":52,"column":6}},"10":{"start":{"line":59,"column":15},"end":{"line":59,"column":55}},"11":{"start":{"line":61,"column":4},"end":{"line":65,"column":6}},"12":{"start":{"line":72,"column":27},"end":{"line":72,"column":54}},"13":{"start":{"line":73,"column":17},"end":{"line":73,"column":64}},"14":{"start":{"line":75,"column":4},"end":{"line":77,"column":null}},"15":{"start":{"line":76,"column":6},"end":{"line":76,"column":54}},"16":{"start":{"line":79,"column":18},"end":{"line":79,"column":69}},"17":{"start":{"line":81,"column":4},"end":{"line":83,"column":null}},"18":{"start":{"line":82,"column":6},"end":{"line":82,"column":54}},"19":{"start":{"line":85,"column":16},"end":{"line":88,"column":6}},"20":{"start":{"line":90,"column":4},"end":{"line":90,"column":44}},"21":{"start":{"line":21,"column":13},"end":{"line":92,"column":null}},"22":{"start":{"line":26,"column":29},"end":{"line":26,"column":40}},"23":{"start":{"line":21,"column":13},"end":{"line":21,"column":24}}},"fnMap":{"0":{"name":"(anonymous_4)","decl":{"start":{"line":25,"column":2},"end":{"line":25,"column":null}},"loc":{"start":{"line":27,"column":45},"end":{"line":28,"column":6}}},"1":{"name":"(anonymous_5)","decl":{"start":{"line":35,"column":2},"end":{"line":35,"column":13}},"loc":{"start":{"line":35,"column":35},"end":{"line":39,"column":3}}},"2":{"name":"(anonymous_6)","decl":{"start":{"line":44,"column":2},"end":{"line":44,"column":18}},"loc":{"start":{"line":44,"column":44},"end":{"line":53,"column":3}}},"3":{"name":"(anonymous_7)","decl":{"start":{"line":58,"column":2},"end":{"line":58,"column":7}},"loc":{"start":{"line":58,"column":37},"end":{"line":66,"column":3}}},"4":{"name":"(anonymous_8)","decl":{"start":{"line":71,"column":2},"end":{"line":71,"column":7}},"loc":{"start":{"line":71,"column":31},"end":{"line":91,"column":3}}},"5":{"name":"(anonymous_9)","decl":{"start":{"line":26,"column":23},"end":{"line":26,"column":26}},"loc":{"start":{"line":26,"column":29},"end":{"line":26,"column":40}}}},"branchMap":{"0":{"loc":{"start":{"line":75,"column":4},"end":{"line":77,"column":null}},"type":"if","locations":[{"start":{"line":75,"column":4},"end":{"line":77,"column":null}}]},"1":{"loc":{"start":{"line":81,"column":4},"end":{"line":83,"column":null}},"type":"if","locations":[{"start":{"line":81,"column":4},"end":{"line":83,"column":null}}]}},"s":{"0":2,"1":2,"2":2,"3":2,"4":2,"5":9,"6":9,"7":9,"8":1,"9":2,"10":3,"11":3,"12":3,"13":3,"14":3,"15":1,"16":2,"17":2,"18":1,"19":1,"20":1,"21":2,"22":9,"23":2},"f":{"0":9,"1":1,"2":2,"3":3,"4":3,"5":9},"b":{"0":[1],"1":[1]}}
,"/home/steve/Desktop/DeveloperSteve/projects/freeman/chainenv/chainev-api/src/components/project/project.module.ts": {"path":"/home/steve/Desktop/DeveloperSteve/projects/freeman/chainenv/chainev-api/src/components/project/project.module.ts","statementMap":{"0":{"start":{"line":1,"column":0},"end":{"line":1,"column":60}},"1":{"start":{"line":2,"column":0},"end":{"line":2,"column":48}},"2":{"start":{"line":3,"column":0},"end":{"line":3,"column":52}},"3":{"start":{"line":4,"column":0},"end":{"line":4,"column":60}},"4":{"start":{"line":5,"column":0},"end":{"line":5,"column":69}},"5":{"start":{"line":6,"column":0},"end":{"line":6,"column":93}},"6":{"start":{"line":7,"column":0},"end":{"line":7,"column":75}},"7":{"start":{"line":20,"column":7},"end":{"line":20,"column":null}},"8":{"start":{"line":20,"column":13},"end":{"line":20,"column":null}},"9":{"start":{"line":13,"column":21},"end":{"line":13,"column":45}},"10":{"start":{"line":14,"column":21},"end":{"line":14,"column":39}},"11":{"start":{"line":20,"column":13},"end":{"line":20,"column":26}}},"fnMap":{"0":{"name":"(anonymous_1)","decl":{"start":{"line":13,"column":15},"end":{"line":13,"column":18}},"loc":{"start":{"line":13,"column":21},"end":{"line":13,"column":45}}},"1":{"name":"(anonymous_2)","decl":{"start":{"line":14,"column":15},"end":{"line":14,"column":18}},"loc":{"start":{"line":14,"column":21},"end":{"line":14,"column":39}}}},"branchMap":{},"s":{"0":0,"1":0,"2":0,"3":0,"4":0,"5":0,"6":0,"7":0,"8":0,"9":0,"10":0,"11":0},"f":{"0":0,"1":0},"b":{}}
,"/home/steve/Desktop/DeveloperSteve/projects/freeman/chainenv/chainev-api/src/components/project-environment/project-environment.module.ts": {"path":"/home/steve/Desktop/DeveloperSteve/projects/freeman/chainenv/chainev-api/src/components/project-environment/project-environment.module.ts","statementMap":{"0":{"start":{"line":1,"column":0},"end":{"line":1,"column":60}},"1":{"start":{"line":2,"column":0},"end":{"line":2,"column":48}},"2":{"start":{"line":3,"column":0},"end":{"line":3,"column":75}},"3":{"start":{"line":4,"column":0},"end":{"line":4,"column":83}},"4":{"start":{"line":5,"column":0},"end":{"line":5,"column":75}},"5":{"start":{"line":16,"column":7},"end":{"line":16,"column":null}},"6":{"start":{"line":16,"column":13},"end":{"line":16,"column":null}},"7":{"start":{"line":11,"column":21},"end":{"line":11,"column":39}},"8":{"start":{"line":16,"column":13},"end":{"line":16,"column":37}}},"fnMap":{"0":{"name":"(anonymous_1)","decl":{"start":{"line":11,"column":15},"end":{"line":11,"column":18}},"loc":{"start":{"line":11,"column":21},"end":{"line":11,"column":39}}}},"branchMap":{},"s":{"0":0,"1":0,"2":0,"3":0,"4":0,"5":0,"6":0,"7":0,"8":0},"f":{"0":0},"b":{}}
,"/home/steve/Desktop/DeveloperSteve/projects/freeman/chainenv/chainev-api/src/components/project-environment/entities/project-environment.entity.ts": {"path":"/home/steve/Desktop/DeveloperSteve/projects/freeman/chainenv/chainev-api/src/components/project-environment/entities/project-environment.entity.ts","statementMap":{"0":{"start":{"line":1,"column":0},"end":{"line":1,"column":43}},"1":{"start":{"line":2,"column":0},"end":{"line":2,"column":null}},"2":{"start":{"line":11,"column":0},"end":{"line":11,"column":null}},"3":{"start":{"line":15,"column":0},"end":{"line":15,"column":64}},"4":{"start":{"line":18,"column":7},"end":{"line":60,"column":null}},"5":{"start":{"line":55,"column":4},"end":{"line":55,"column":40}},"6":{"start":{"line":19,"column":2},"end":{"line":21,"column":null}},"7":{"start":{"line":23,"column":2},"end":{"line":24,"column":null}},"8":{"start":{"line":26,"column":2},"end":{"line":27,"column":null}},"9":{"start":{"line":29,"column":2},"end":{"line":30,"column":null}},"10":{"start":{"line":32,"column":2},"end":{"line":33,"column":null}},"11":{"start":{"line":35,"column":2},"end":{"line":36,"column":null}},"12":{"start":{"line":38,"column":2},"end":{"line":39,"column":null}},"13":{"start":{"line":41,"column":2},"end":{"line":42,"column":null}},"14":{"start":{"line":44,"column":2},"end":{"line":45,"column":null}},"15":{"start":{"line":47,"column":2},"end":{"line":48,"column":null}},"16":{"start":{"line":50,"column":2},"end":{"line":51,"column":null}},"17":{"start":{"line":53,"column":2},"end":{"line":56,"column":null}},"18":{"start":{"line":58,"column":2},"end":{"line":59,"column":null}},"19":{"start":{"line":58,"column":19},"end":{"line":58,"column":26}},"20":{"start":{"line":18,"column":13},"end":{"line":60,"column":null}},"21":{"start":{"line":18,"column":13},"end":{"line":18,"column":31}}},"fnMap":{"0":{"name":"(anonymous_2)","decl":{"start":{"line":54,"column":2},"end":{"line":54,"column":22}},"loc":{"start":{"line":54,"column":22},"end":{"line":56,"column":3}}},"1":{"name":"(anonymous_3)","decl":{"start":{"line":58,"column":13},"end":{"line":58,"column":16}},"loc":{"start":{"line":58,"column":19},"end":{"line":58,"column":26}}}},"branchMap":{},"s":{"0":9,"1":9,"2":9,"3":9,"4":9,"5":1,"6":9,"7":9,"8":9,"9":9,"10":9,"11":9,"12":9,"13":9,"14":9,"15":9,"16":9,"17":9,"18":9,"19":0,"20":9,"21":9},"f":{"0":1,"1":0},"b":{}}
,"/home/steve/Desktop/DeveloperSteve/projects/freeman/chainenv/chainev-api/src/components/project-environment/enum/project-environment.enum.ts": {"path":"/home/steve/Desktop/DeveloperSteve/projects/freeman/chainenv/chainev-api/src/components/project-environment/enum/project-environment.enum.ts","statementMap":{"0":{"start":{"line":1,"column":0},"end":{"line":1,"column":null}},"1":{"start":{"line":2,"column":2},"end":{"line":2,"column":null}},"2":{"start":{"line":3,"column":2},"end":{"line":3,"column":null}},"3":{"start":{"line":4,"column":2},"end":{"line":4,"column":null}},"4":{"start":{"line":5,"column":2},"end":{"line":5,"column":null}},"5":{"start":{"line":8,"column":0},"end":{"line":8,"column":null}},"6":{"start":{"line":9,"column":2},"end":{"line":9,"column":null}},"7":{"start":{"line":10,"column":2},"end":{"line":10,"column":null}}},"fnMap":{"0":{"name":"(anonymous_0)","decl":{"start":{"line":1,"column":0},"end":{"line":1,"column":12}},"loc":{"start":{"line":1,"column":35},"end":{"line":6,"column":1}}},"1":{"name":"(anonymous_1)","decl":{"start":{"line":8,"column":0},"end":{"line":8,"column":12}},"loc":{"start":{"line":8,"column":41},"end":{"line":11,"column":1}}}},"branchMap":{"0":{"loc":{"start":{"line":1,"column":12},"end":{"line":1,"column":null}},"type":"binary-expr","locations":[{"start":{"line":1,"column":12},"end":{"line":1,"column":35}},{"start":{"line":1,"column":12},"end":{"line":1,"column":null}}]},"1":{"loc":{"start":{"line":8,"column":12},"end":{"line":8,"column":null}},"type":"binary-expr","locations":[{"start":{"line":8,"column":12},"end":{"line":8,"column":41}},{"start":{"line":8,"column":12},"end":{"line":8,"column":null}}]}},"s":{"0":12,"1":12,"2":12,"3":12,"4":12,"5":12,"6":12,"7":12},"f":{"0":12,"1":12},"b":{"0":[12,12],"1":[12,12]}}
,"/home/steve/Desktop/DeveloperSteve/projects/freeman/chainenv/chainev-api/src/components/project-environment/services/project-environment.service.ts": {"path":"/home/steve/Desktop/DeveloperSteve/projects/freeman/chainenv/chainev-api/src/components/project-environment/services/project-environment.service.ts","statementMap":{"0":{"start":{"line":1,"column":0},"end":{"line":1,"column":null}},"1":{"start":{"line":8,"column":0},"end":{"line":8,"column":51}},"2":{"start":{"line":10,"column":0},"end":{"line":10,"column":null}},"3":{"start":{"line":17,"column":0},"end":{"line":17,"column":80}},"4":{"start":{"line":18,"column":0},"end":{"line":18,"column":76}},"5":{"start":{"line":25,"column":0},"end":{"line":25,"column":89}},"6":{"start":{"line":28,"column":7},"end":{"line":228,"column":null}},"7":{"start":{"line":35,"column":4},"end":{"line":35,"column":34}},"8":{"start":{"line":31,"column":21},"end":{"line":31,"column":45}},"9":{"start":{"line":33,"column":21},"end":{"line":33,"column":42}},"10":{"start":{"line":39,"column":20},"end":{"line":41,"column":6}},"11":{"start":{"line":42,"column":4},"end":{"line":44,"column":null}},"12":{"start":{"line":43,"column":6},"end":{"line":43,"column":67}},"13":{"start":{"line":45,"column":4},"end":{"line":45,"column":19}},"14":{"start":{"line":52,"column":24},"end":{"line":54,"column":6}},"15":{"start":{"line":56,"column":4},"end":{"line":60,"column":null}},"16":{"start":{"line":57,"column":6},"end":{"line":59,"column":8}},"17":{"start":{"line":67,"column":28},"end":{"line":67,"column":35}},"18":{"start":{"line":69,"column":4},"end":{"line":72,"column":6}},"19":{"start":{"line":74,"column":28},"end":{"line":75,"column":null}},"20":{"start":{"line":78,"column":22},"end":{"line":85,"column":6}},"21":{"start":{"line":87,"column":4},"end":{"line":87,"column":56}},"22":{"start":{"line":89,"column":4},"end":{"line":92,"column":7}},"23":{"start":{"line":94,"column":4},"end":{"line":94,"column":23}},"24":{"start":{"line":102,"column":22},"end":{"line":104,"column":6}},"25":{"start":{"line":106,"column":4},"end":{"line":108,"column":null}},"26":{"start":{"line":107,"column":6},"end":{"line":107,"column":67}},"27":{"start":{"line":110,"column":4},"end":{"line":110,"column":60}},"28":{"start":{"line":114,"column":24},"end":{"line":114,"column":26}},"29":{"start":{"line":116,"column":4},"end":{"line":118,"column":null}},"30":{"start":{"line":117,"column":6},"end":{"line":117,"column":48}},"31":{"start":{"line":120,"column":4},"end":{"line":122,"column":null}},"32":{"start":{"line":121,"column":6},"end":{"line":121,"column":44}},"33":{"start":{"line":124,"column":4},"end":{"line":126,"column":null}},"34":{"start":{"line":125,"column":6},"end":{"line":125,"column":38}},"35":{"start":{"line":128,"column":4},"end":{"line":128,"column":18}},"36":{"start":{"line":135,"column":4},"end":{"line":146,"column":null}},"37":{"start":{"line":136,"column":26},"end":{"line":136,"column":47}},"38":{"start":{"line":137,"column":28},"end":{"line":137,"column":53}},"39":{"start":{"line":139,"column":6},"end":{"line":145,"column":11}},"40":{"start":{"line":148,"column":4},"end":{"line":148,"column":30}},"41":{"start":{"line":152,"column":4},"end":{"line":155,"column":7}},"42":{"start":{"line":159,"column":4},"end":{"line":161,"column":7}},"43":{"start":{"line":167,"column":47},"end":{"line":167,"column":54}},"44":{"start":{"line":168,"column":19},"end":{"line":168,"column":42}},"45":{"start":{"line":170,"column":34},"end":{"line":175,"column":28}},"46":{"start":{"line":177,"column":4},"end":{"line":180,"column":6}},"47":{"start":{"line":182,"column":29},"end":{"line":182,"column":76}},"48":{"start":{"line":183,"column":4},"end":{"line":183,"column":30}},"49":{"start":{"line":190,"column":22},"end":{"line":192,"column":6}},"50":{"start":{"line":194,"column":4},"end":{"line":196,"column":null}},"51":{"start":{"line":195,"column":6},"end":{"line":195,"column":67}},"52":{"start":{"line":198,"column":4},"end":{"line":198,"column":23}},"53":{"start":{"line":202,"column":22},"end":{"line":204,"column":6}},"54":{"start":{"line":206,"column":4},"end":{"line":208,"column":null}},"55":{"start":{"line":207,"column":6},"end":{"line":207,"column":67}},"56":{"start":{"line":211,"column":4},"end":{"line":211,"column":57}},"57":{"start":{"line":218,"column":4},"end":{"line":218,"column":53}},"58":{"start":{"line":226,"column":4},"end":{"line":226,"column":75}},"59":{"start":{"line":28,"column":13},"end":{"line":228,"column":null}},"60":{"start":{"line":32,"column":29},"end":{"line":32,"column":48}},"61":{"start":{"line":28,"column":13},"end":{"line":28,"column":38}}},"fnMap":{"0":{"name":"(anonymous_4)","decl":{"start":{"line":29,"column":2},"end":{"line":29,"column":null}},"loc":{"start":{"line":33,"column":61},"end":{"line":36,"column":3}}},"1":{"name":"(anonymous_5)","decl":{"start":{"line":38,"column":2},"end":{"line":38,"column":7}},"loc":{"start":{"line":38,"column":25},"end":{"line":46,"column":3}}},"2":{"name":"(anonymous_6)","decl":{"start":{"line":48,"column":2},"end":{"line":48,"column":7}},"loc":{"start":{"line":50,"column":21},"end":{"line":61,"column":3}}},"3":{"name":"(anonymous_7)","decl":{"start":{"line":63,"column":2},"end":{"line":63,"column":7}},"loc":{"start":{"line":65,"column":33},"end":{"line":95,"column":3}}},"4":{"name":"(anonymous_8)","decl":{"start":{"line":97,"column":2},"end":{"line":97,"column":7}},"loc":{"start":{"line":100,"column":33},"end":{"line":111,"column":3}}},"5":{"name":"(anonymous_9)","decl":{"start":{"line":113,"column":2},"end":{"line":113,"column":13}},"loc":{"start":{"line":113,"column":24},"end":{"line":129,"column":3}}},"6":{"name":"(anonymous_10)","decl":{"start":{"line":131,"column":2},"end":{"line":131,"column":18}},"loc":{"start":{"line":133,"column":22},"end":{"line":149,"column":3}}},"7":{"name":"(anonymous_11)","decl":{"start":{"line":151,"column":2},"end":{"line":151,"column":7}},"loc":{"start":{"line":151,"column":27},"end":{"line":156,"column":3}}},"8":{"name":"(anonymous_12)","decl":{"start":{"line":158,"column":2},"end":{"line":158,"column":7}},"loc":{"start":{"line":158,"column":41},"end":{"line":162,"column":3}}},"9":{"name":"(anonymous_13)","decl":{"start":{"line":164,"column":2},"end":{"line":164,"column":7}},"loc":{"start":{"line":165,"column":33},"end":{"line":184,"column":3}}},"10":{"name":"(anonymous_14)","decl":{"start":{"line":186,"column":2},"end":{"line":186,"column":7}},"loc":{"start":{"line":188,"column":33},"end":{"line":199,"column":3}}},"11":{"name":"(anonymous_15)","decl":{"start":{"line":201,"column":2},"end":{"line":201,"column":7}},"loc":{"start":{"line":201,"column":56},"end":{"line":219,"column":3}}},"12":{"name":"(anonymous_16)","decl":{"start":{"line":221,"column":2},"end":{"line":221,"column":7}},"loc":{"start":{"line":224,"column":33},"end":{"line":227,"column":3}}},"13":{"name":"(anonymous_17)","decl":{"start":{"line":32,"column":23},"end":{"line":32,"column":26}},"loc":{"start":{"line":32,"column":29},"end":{"line":32,"column":48}}}},"branchMap":{"0":{"loc":{"start":{"line":42,"column":4},"end":{"line":44,"column":null}},"type":"if","locations":[{"start":{"line":42,"column":4},"end":{"line":44,"column":null}}]},"1":{"loc":{"start":{"line":56,"column":4},"end":{"line":60,"column":null}},"type":"if","locations":[{"start":{"line":56,"column":4},"end":{"line":60,"column":null}}]},"2":{"loc":{"start":{"line":106,"column":4},"end":{"line":108,"column":null}},"type":"if","locations":[{"start":{"line":106,"column":4},"end":{"line":108,"column":null}}]},"3":{"loc":{"start":{"line":116,"column":4},"end":{"line":118,"column":null}},"type":"if","locations":[{"start":{"line":116,"column":4},"end":{"line":118,"column":null}}]},"4":{"loc":{"start":{"line":120,"column":4},"end":{"line":122,"column":null}},"type":"if","locations":[{"start":{"line":120,"column":4},"end":{"line":122,"column":null}}]},"5":{"loc":{"start":{"line":124,"column":4},"end":{"line":126,"column":null}},"type":"if","locations":[{"start":{"line":124,"column":4},"end":{"line":126,"column":null}}]},"6":{"loc":{"start":{"line":135,"column":4},"end":{"line":146,"column":null}},"type":"if","locations":[{"start":{"line":135,"column":4},"end":{"line":146,"column":null}}]},"7":{"loc":{"start":{"line":194,"column":4},"end":{"line":196,"column":null}},"type":"if","locations":[{"start":{"line":194,"column":4},"end":{"line":196,"column":null}}]},"8":{"loc":{"start":{"line":206,"column":4},"end":{"line":208,"column":null}},"type":"if","locations":[{"start":{"line":206,"column":4},"end":{"line":208,"column":null}}]}},"s":{"0":6,"1":6,"2":6,"3":6,"4":6,"5":6,"6":6,"7":22,"8":22,"9":22,"10":5,"11":5,"12":3,"13":2,"14":1,"15":1,"16":1,"17":1,"18":1,"19":1,"20":1,"21":1,"22":1,"23":1,"24":2,"25":2,"26":1,"27":1,"28":5,"29":5,"30":1,"31":5,"32":1,"33":5,"34":1,"35":5,"36":3,"37":1,"38":1,"39":1,"40":3,"41":1,"42":1,"43":1,"44":1,"45":1,"46":1,"47":1,"48":1,"49":1,"50":1,"51":0,"52":1,"53":2,"54":2,"55":0,"56":2,"57":2,"58":1,"59":6,"60":22,"61":6},"f":{"0":22,"1":5,"2":1,"3":1,"4":2,"5":5,"6":3,"7":1,"8":1,"9":1,"10":1,"11":2,"12":1,"13":22},"b":{"0":[3],"1":[1],"2":[1],"3":[1],"4":[1],"5":[1],"6":[1],"7":[0],"8":[0]}}
,"/home/steve/Desktop/DeveloperSteve/projects/freeman/chainenv/chainev-api/src/components/project-event/project-event.module.ts": {"path":"/home/steve/Desktop/DeveloperSteve/projects/freeman/chainenv/chainev-api/src/components/project-event/project-event.module.ts","statementMap":{"0":{"start":{"line":1,"column":0},"end":{"line":1,"column":60}},"1":{"start":{"line":2,"column":0},"end":{"line":2,"column":48}},"2":{"start":{"line":3,"column":0},"end":{"line":3,"column":63}},"3":{"start":{"line":4,"column":0},"end":{"line":4,"column":71}},"4":{"start":{"line":5,"column":0},"end":{"line":5,"column":42}},"5":{"start":{"line":6,"column":0},"end":{"line":6,"column":77}},"6":{"start":{"line":7,"column":0},"end":{"line":7,"column":80}},"7":{"start":{"line":8,"column":0},"end":{"line":8,"column":93}},"8":{"start":{"line":21,"column":7},"end":{"line":21,"column":null}},"9":{"start":{"line":21,"column":13},"end":{"line":21,"column":null}},"10":{"start":{"line":15,"column":21},"end":{"line":15,"column":45}},"11":{"start":{"line":21,"column":13},"end":{"line":21,"column":31}}},"fnMap":{"0":{"name":"(anonymous_1)","decl":{"start":{"line":15,"column":15},"end":{"line":15,"column":18}},"loc":{"start":{"line":15,"column":21},"end":{"line":15,"column":45}}}},"branchMap":{},"s":{"0":0,"1":0,"2":0,"3":0,"4":0,"5":0,"6":0,"7":0,"8":0,"9":0,"10":0,"11":0},"f":{"0":0},"b":{}}
,"/home/steve/Desktop/DeveloperSteve/projects/freeman/chainenv/chainev-api/src/components/project-event/controllers/project-event.controller.ts": {"path":"/home/steve/Desktop/DeveloperSteve/projects/freeman/chainenv/chainev-api/src/components/project-event/controllers/project-event.controller.ts","statementMap":{"0":{"start":{"line":1,"column":0},"end":{"line":1,"column":null}},"1":{"start":{"line":9,"column":0},"end":{"line":9,"column":71}},"2":{"start":{"line":10,"column":0},"end":{"line":10,"column":69}},"3":{"start":{"line":11,"column":0},"end":{"line":11,"column":72}},"4":{"start":{"line":14,"column":7},"end":{"line":32,"column":null}},"5":{"start":{"line":17,"column":21},"end":{"line":17,"column":42}},"6":{"start":{"line":23,"column":47},"end":{"line":23,"column":50}},"7":{"start":{"line":24,"column":19},"end":{"line":28,"column":6}},"8":{"start":{"line":30,"column":4},"end":{"line":30,"column":55}},"9":{"start":{"line":22,"column":8},"end":{"line":31,"column":null}},"10":{"start":{"line":14,"column":13},"end":{"line":32,"column":null}},"11":{"start":{"line":16,"column":29},"end":{"line":16,"column":48}},"12":{"start":{"line":14,"column":13},"end":{"line":14,"column":35}}},"fnMap":{"0":{"name":"(anonymous_4)","decl":{"start":{"line":15,"column":2},"end":{"line":15,"column":null}},"loc":{"start":{"line":17,"column":61},"end":{"line":18,"column":6}}},"1":{"name":"(anonymous_5)","decl":{"start":{"line":22,"column":2},"end":{"line":22,"column":7}},"loc":{"start":{"line":22,"column":34},"end":{"line":31,"column":3}}},"2":{"name":"(anonymous_6)","decl":{"start":{"line":16,"column":23},"end":{"line":16,"column":26}},"loc":{"start":{"line":16,"column":29},"end":{"line":16,"column":48}}}},"branchMap":{},"s":{"0":1,"1":1,"2":1,"3":1,"4":1,"5":1,"6":1,"7":1,"8":1,"9":1,"10":1,"11":1,"12":1},"f":{"0":1,"1":1,"2":1},"b":{}}
,"/home/steve/Desktop/DeveloperSteve/projects/freeman/chainenv/chainev-api/src/components/project-event/entities/project-event.entity.ts": {"path":"/home/steve/Desktop/DeveloperSteve/projects/freeman/chainenv/chainev-api/src/components/project-event/entities/project-event.entity.ts","statementMap":{"0":{"start":{"line":1,"column":0},"end":{"line":1,"column":43}},"1":{"start":{"line":2,"column":0},"end":{"line":2,"column":94}},"2":{"start":{"line":3,"column":0},"end":{"line":3,"column":null}},"3":{"start":{"line":12,"column":0},"end":{"line":12,"column":64}},"4":{"start":{"line":16,"column":7},"end":{"line":55,"column":null}},"5":{"start":{"line":50,"column":4},"end":{"line":50,"column":40}},"6":{"start":{"line":17,"column":2},"end":{"line":19,"column":null}},"7":{"start":{"line":21,"column":2},"end":{"line":22,"column":null}},"8":{"start":{"line":24,"column":2},"end":{"line":25,"column":null}},"9":{"start":{"line":27,"column":2},"end":{"line":28,"column":null}},"10":{"start":{"line":30,"column":2},"end":{"line":31,"column":null}},"11":{"start":{"line":33,"column":2},"end":{"line":34,"column":null}},"12":{"start":{"line":36,"column":2},"end":{"line":37,"column":null}},"13":{"start":{"line":39,"column":2},"end":{"line":40,"column":null}},"14":{"start":{"line":42,"column":2},"end":{"line":43,"column":null}},"15":{"start":{"line":45,"column":2},"end":{"line":46,"column":null}},"16":{"start":{"line":48,"column":2},"end":{"line":51,"column":null}},"17":{"start":{"line":53,"column":2},"end":{"line":54,"column":null}},"18":{"start":{"line":53,"column":19},"end":{"line":53,"column":26}},"19":{"start":{"line":53,"column":41},"end":{"line":53,"column":51}},"20":{"start":{"line":16,"column":13},"end":{"line":55,"column":null}},"21":{"start":{"line":16,"column":13},"end":{"line":16,"column":25}}},"fnMap":{"0":{"name":"(anonymous_2)","decl":{"start":{"line":49,"column":2},"end":{"line":49,"column":22}},"loc":{"start":{"line":49,"column":22},"end":{"line":51,"column":3}}},"1":{"name":"(anonymous_3)","decl":{"start":{"line":53,"column":13},"end":{"line":53,"column":16}},"loc":{"start":{"line":53,"column":19},"end":{"line":53,"column":26}}},"2":{"name":"(anonymous_4)","decl":{"start":{"line":53,"column":28},"end":{"line":53,"column":29}},"loc":{"start":{"line":53,"column":41},"end":{"line":53,"column":51}}}},"branchMap":{},"s":{"0":7,"1":7,"2":7,"3":7,"4":7,"5":1,"6":7,"7":7,"8":7,"9":7,"10":7,"11":7,"12":7,"13":7,"14":7,"15":7,"16":7,"17":7,"18":0,"19":0,"20":7,"21":7},"f":{"0":1,"1":0,"2":0},"b":{}}
,"/home/steve/Desktop/DeveloperSteve/projects/freeman/chainenv/chainev-api/src/components/project-event/processors/project-event.processor.ts": {"path":"/home/steve/Desktop/DeveloperSteve/projects/freeman/chainenv/chainev-api/src/components/project-event/processors/project-event.processor.ts","statementMap":{"0":{"start":{"line":1,"column":0},"end":{"line":1,"column":50}},"1":{"start":{"line":2,"column":0},"end":{"line":2,"column":72}},"2":{"start":{"line":6,"column":7},"end":{"line":13,"column":null}},"3":{"start":{"line":7,"column":31},"end":{"line":7,"column":51}},"4":{"start":{"line":11,"column":4},"end":{"line":11,"column":56}},"5":{"start":{"line":10,"column":8},"end":{"line":12,"column":null}},"6":{"start":{"line":6,"column":13},"end":{"line":13,"column":null}},"7":{"start":{"line":6,"column":13},"end":{"line":6,"column":34}}},"fnMap":{"0":{"name":"(anonymous_2)","decl":{"start":{"line":7,"column":2},"end":{"line":7,"column":31}},"loc":{"start":{"line":7,"column":70},"end":{"line":7,"column":74}}},"1":{"name":"(anonymous_3)","decl":{"start":{"line":10,"column":2},"end":{"line":10,"column":7}},"loc":{"start":{"line":10,"column":27},"end":{"line":12,"column":3}}}},"branchMap":{},"s":{"0":1,"1":1,"2":1,"3":1,"4":1,"5":1,"6":1,"7":1},"f":{"0":1,"1":1},"b":{}}
,"/home/steve/Desktop/DeveloperSteve/projects/freeman/chainenv/chainev-api/src/components/project-event/services/project-event.service.ts": {"path":"/home/steve/Desktop/DeveloperSteve/projects/freeman/chainenv/chainev-api/src/components/project-event/services/project-event.service.ts","statementMap":{"0":{"start":{"line":1,"column":0},"end":{"line":1,"column":null}},"1":{"start":{"line":7,"column":0},"end":{"line":7,"column":51}},"2":{"start":{"line":9,"column":0},"end":{"line":9,"column":37}},"3":{"start":{"line":10,"column":0},"end":{"line":10,"column":80}},"4":{"start":{"line":11,"column":0},"end":{"line":11,"column":64}},"5":{"start":{"line":14,"column":0},"end":{"line":14,"column":24}},"6":{"start":{"line":15,"column":0},"end":{"line":15,"column":104}},"7":{"start":{"line":16,"column":0},"end":{"line":16,"column":43}},"8":{"start":{"line":18,"column":0},"end":{"line":18,"column":107}},"9":{"start":{"line":20,"column":0},"end":{"line":20,"column":26}},"10":{"start":{"line":23,"column":7},"end":{"line":271,"column":null}},"11":{"start":{"line":38,"column":4},"end":{"line":38,"column":28}},"12":{"start":{"line":32,"column":21},"end":{"line":32,"column":39}},"13":{"start":{"line":34,"column":21},"end":{"line":34,"column":45}},"14":{"start":{"line":36,"column":21},"end":{"line":36,"column":48}},"15":{"start":{"line":24,"column":19},"end":{"line":24,"column":65}},"16":{"start":{"line":25,"column":18},"end":{"line":25,"column":67}},"17":{"start":{"line":26,"column":18},"end":{"line":26,"column":68}},"18":{"start":{"line":27,"column":18},"end":{"line":27,"column":66}},"19":{"start":{"line":28,"column":18},"end":{"line":28,"column":67}},"20":{"start":{"line":42,"column":18},"end":{"line":42,"column":72}},"21":{"start":{"line":43,"column":4},"end":{"line":45,"column":null}},"22":{"start":{"line":44,"column":6},"end":{"line":44,"column":53}},"23":{"start":{"line":46,"column":4},"end":{"line":46,"column":17}},"24":{"start":{"line":51,"column":6},"end":{"line":53,"column":31}},"25":{"start":{"line":55,"column":4},"end":{"line":55,"column":48}},"26":{"start":{"line":60,"column":6},"end":{"line":62,"column":29}},"27":{"start":{"line":64,"column":4},"end":{"line":64,"column":48}},"28":{"start":{"line":68,"column":4},"end":{"line":71,"column":7}},"29":{"start":{"line":79,"column":4},"end":{"line":82,"column":7}},"30":{"start":{"line":86,"column":19},"end":{"line":86,"column":21}},"31":{"start":{"line":88,"column":4},"end":{"line":90,"column":null}},"32":{"start":{"line":89,"column":6},"end":{"line":89,"column":52}},"33":{"start":{"line":92,"column":4},"end":{"line":94,"column":null}},"34":{"start":{"line":93,"column":6},"end":{"line":93,"column":48}},"35":{"start":{"line":96,"column":4},"end":{"line":98,"column":null}},"36":{"start":{"line":97,"column":6},"end":{"line":97,"column":44}},"37":{"start":{"line":100,"column":4},"end":{"line":102,"column":null}},"38":{"start":{"line":101,"column":6},"end":{"line":101,"column":38}},"39":{"start":{"line":104,"column":4},"end":{"line":104,"column":18}},"40":{"start":{"line":108,"column":4},"end":{"line":110,"column":7}},"41":{"start":{"line":116,"column":47},"end":{"line":116,"column":54}},"42":{"start":{"line":117,"column":19},"end":{"line":117,"column":42}},"43":{"start":{"line":119,"column":21},"end":{"line":124,"column":28}},"44":{"start":{"line":126,"column":29},"end":{"line":126,"column":63}},"45":{"start":{"line":127,"column":4},"end":{"line":127,"column":30}},"46":{"start":{"line":134,"column":16},"end":{"line":136,"column":6}},"47":{"start":{"line":138,"column":4},"end":{"line":140,"column":null}},"48":{"start":{"line":139,"column":6},"end":{"line":139,"column":53}},"49":{"start":{"line":142,"column":4},"end":{"line":142,"column":17}},"50":{"start":{"line":148,"column":24},"end":{"line":148,"column":56}},"51":{"start":{"line":149,"column":17},"end":{"line":149,"column":38}},"52":{"start":{"line":150,"column":24},"end":{"line":150,"column":55}},"53":{"start":{"line":151,"column":4},"end":{"line":151,"column":35}},"54":{"start":{"line":155,"column":24},"end":{"line":156,"column":null}},"55":{"start":{"line":159,"column":4},"end":{"line":159,"column":29}},"56":{"start":{"line":159,"column":22},"end":{"line":159,"column":29}},"57":{"start":{"line":161,"column":24},"end":{"line":161,"column":68}},"58":{"start":{"line":163,"column":4},"end":{"line":192,"column":null}},"59":{"start":{"line":164,"column":19},"end":{"line":164,"column":40}},"60":{"start":{"line":165,"column":31},"end":{"line":167,"column":null}},"61":{"start":{"line":170,"column":6},"end":{"line":189,"column":9}},"62":{"start":{"line":171,"column":8},"end":{"line":188,"column":null}},"63":{"start":{"line":172,"column":30},"end":{"line":178,"column":null}},"64":{"start":{"line":181,"column":10},"end":{"line":185,"column":null}},"65":{"start":{"line":183,"column":12},"end":{"line":183,"column":37}},"66":{"start":{"line":184,"column":12},"end":{"line":184,"column":65}},"67":{"start":{"line":187,"column":10},"end":{"line":187,"column":29}},"68":{"start":{"line":191,"column":6},"end":{"line":191,"column":25}},"69":{"start":{"line":196,"column":4},"end":{"line":196,"column":58}},"70":{"start":{"line":200,"column":30},"end":{"line":200,"column":47}},"71":{"start":{"line":201,"column":4},"end":{"line":201,"column":44}},"72":{"start":{"line":209,"column":22},"end":{"line":209,"column":47}},"73":{"start":{"line":210,"column":30},"end":{"line":210,"column":70}},"74":{"start":{"line":212,"column":4},"end":{"line":212,"column":74}},"75":{"start":{"line":212,"column":67},"end":{"line":212,"column":74}},"76":{"start":{"line":214,"column":4},"end":{"line":242,"column":7}},"77":{"start":{"line":215,"column":28},"end":{"line":227,"column":null}},"78":{"start":{"line":217,"column":10},"end":{"line":226,"column":12}},"79":{"start":{"line":230,"column":6},"end":{"line":234,"column":8}},"80":{"start":{"line":236,"column":6},"end":{"line":236,"column":46}},"81":{"start":{"line":237,"column":6},"end":{"line":241,"column":8}},"82":{"start":{"line":246,"column":4},"end":{"line":251,"column":6}},"83":{"start":{"line":249,"column":25},"end":{"line":249,"column":78}},"84":{"start":{"line":255,"column":35},"end":{"line":255,"column":42}},"85":{"start":{"line":257,"column":19},"end":{"line":257,"column":73}},"86":{"start":{"line":259,"column":4},"end":{"line":261,"column":7}},"87":{"start":{"line":265,"column":4},"end":{"line":269,"column":null}},"88":{"start":{"line":266,"column":6},"end":{"line":266,"column":49}},"89":{"start":{"line":268,"column":6},"end":{"line":268,"column":25}},"90":{"start":{"line":23,"column":13},"end":{"line":271,"column":null}},"91":{"start":{"line":35,"column":29},"end":{"line":35,"column":54}},"92":{"start":{"line":23,"column":13},"end":{"line":23,"column":32}}},"fnMap":{"0":{"name":"(anonymous_4)","decl":{"start":{"line":30,"column":2},"end":{"line":30,"column":null}},"loc":{"start":{"line":36,"column":73},"end":{"line":39,"column":3}}},"1":{"name":"(anonymous_5)","decl":{"start":{"line":41,"column":2},"end":{"line":41,"column":7}},"loc":{"start":{"line":41,"column":25},"end":{"line":47,"column":3}}},"2":{"name":"(anonymous_6)","decl":{"start":{"line":49,"column":2},"end":{"line":49,"column":16}},"loc":{"start":{"line":49,"column":59},"end":{"line":56,"column":3}}},"3":{"name":"(anonymous_7)","decl":{"start":{"line":58,"column":2},"end":{"line":58,"column":14}},"loc":{"start":{"line":58,"column":57},"end":{"line":65,"column":3}}},"4":{"name":"(anonymous_8)","decl":{"start":{"line":67,"column":2},"end":{"line":67,"column":7}},"loc":{"start":{"line":67,"column":56},"end":{"line":72,"column":3}}},"5":{"name":"(anonymous_9)","decl":{"start":{"line":78,"column":2},"end":{"line":78,"column":7}},"loc":{"start":{"line":78,"column":39},"end":{"line":83,"column":3}}},"6":{"name":"(anonymous_10)","decl":{"start":{"line":85,"column":2},"end":{"line":85,"column":13}},"loc":{"start":{"line":85,"column":24},"end":{"line":105,"column":3}}},"7":{"name":"(anonymous_11)","decl":{"start":{"line":107,"column":2},"end":{"line":107,"column":7}},"loc":{"start":{"line":107,"column":27},"end":{"line":111,"column":3}}},"8":{"name":"(anonymous_12)","decl":{"start":{"line":113,"column":2},"end":{"line":113,"column":7}},"loc":{"start":{"line":114,"column":33},"end":{"line":128,"column":3}}},"9":{"name":"(anonymous_13)","decl":{"start":{"line":130,"column":2},"end":{"line":130,"column":7}},"loc":{"start":{"line":132,"column":33},"end":{"line":143,"column":3}}},"10":{"name":"(anonymous_14)","decl":{"start":{"line":145,"column":2},"end":{"line":145,"column":7}},"loc":{"start":{"line":146,"column":46},"end":{"line":152,"column":3}}},"11":{"name":"(anonymous_15)","decl":{"start":{"line":154,"column":2},"end":{"line":154,"column":7}},"loc":{"start":{"line":154,"column":31},"end":{"line":193,"column":3}}},"12":{"name":"(anonymous_16)","decl":{"start":{"line":170,"column":41},"end":{"line":170,"column":46}},"loc":{"start":{"line":170,"column":69},"end":{"line":189,"column":7}}},"13":{"name":"(anonymous_17)","decl":{"start":{"line":195,"column":2},"end":{"line":195,"column":7}},"loc":{"start":{"line":195,"column":51},"end":{"line":197,"column":3}}},"14":{"name":"(anonymous_18)","decl":{"start":{"line":199,"column":2},"end":{"line":199,"column":26}},"loc":{"start":{"line":199,"column":37},"end":{"line":202,"column":3}}},"15":{"name":"(anonymous_19)","decl":{"start":{"line":204,"column":2},"end":{"line":204,"column":7}},"loc":{"start":{"line":207,"column":17},"end":{"line":243,"column":3}}},"16":{"name":"(anonymous_20)","decl":{"start":{"line":214,"column":52},"end":{"line":214,"column":57}},"loc":{"start":{"line":214,"column":76},"end":{"line":242,"column":5}}},"17":{"name":"(anonymous_21)","decl":{"start":{"line":216,"column":19},"end":{"line":216,"column":20}},"loc":{"start":{"line":216,"column":29},"end":{"line":227,"column":9}}},"18":{"name":"(anonymous_22)","decl":{"start":{"line":245,"column":2},"end":{"line":245,"column":10}},"loc":{"start":{"line":245,"column":21},"end":{"line":252,"column":3}}},"19":{"name":"(anonymous_23)","decl":{"start":{"line":249,"column":8},"end":{"line":249,"column":9}},"loc":{"start":{"line":249,"column":25},"end":{"line":249,"column":78}}},"20":{"name":"(anonymous_24)","decl":{"start":{"line":254,"column":2},"end":{"line":254,"column":7}},"loc":{"start":{"line":254,"column":43},"end":{"line":262,"column":3}}},"21":{"name":"(anonymous_25)","decl":{"start":{"line":264,"column":2},"end":{"line":264,"column":7}},"loc":{"start":{"line":264,"column":60},"end":{"line":270,"column":3}}},"22":{"name":"(anonymous_26)","decl":{"start":{"line":35,"column":23},"end":{"line":35,"column":26}},"loc":{"start":{"line":35,"column":29},"end":{"line":35,"column":54}}}},"branchMap":{"0":{"loc":{"start":{"line":43,"column":4},"end":{"line":45,"column":null}},"type":"if","locations":[{"start":{"line":43,"column":4},"end":{"line":45,"column":null}}]},"1":{"loc":{"start":{"line":51,"column":6},"end":{"line":53,"column":31}},"type":"cond-expr","locations":[{"start":{"line":52,"column":10},"end":{"line":52,"column":31}},{"start":{"line":53,"column":10},"end":{"line":53,"column":31}}]},"2":{"loc":{"start":{"line":60,"column":6},"end":{"line":62,"column":29}},"type":"cond-expr","locations":[{"start":{"line":61,"column":10},"end":{"line":61,"column":29}},{"start":{"line":62,"column":10},"end":{"line":62,"column":29}}]},"3":{"loc":{"start":{"line":88,"column":4},"end":{"line":90,"column":null}},"type":"if","locations":[{"start":{"line":88,"column":4},"end":{"line":90,"column":null}}]},"4":{"loc":{"start":{"line":92,"column":4},"end":{"line":94,"column":null}},"type":"if","locations":[{"start":{"line":92,"column":4},"end":{"line":94,"column":null}}]},"5":{"loc":{"start":{"line":96,"column":4},"end":{"line":98,"column":null}},"type":"if","locations":[{"start":{"line":96,"column":4},"end":{"line":98,"column":null}}]},"6":{"loc":{"start":{"line":100,"column":4},"end":{"line":102,"column":null}},"type":"if","locations":[{"start":{"line":100,"column":4},"end":{"line":102,"column":null}}]},"7":{"loc":{"start":{"line":138,"column":4},"end":{"line":140,"column":null}},"type":"if","locations":[{"start":{"line":138,"column":4},"end":{"line":140,"column":null}}]},"8":{"loc":{"start":{"line":159,"column":4},"end":{"line":159,"column":29}},"type":"if","locations":[{"start":{"line":159,"column":4},"end":{"line":159,"column":29}}]},"9":{"loc":{"start":{"line":181,"column":10},"end":{"line":185,"column":null}},"type":"if","locations":[{"start":{"line":181,"column":10},"end":{"line":185,"column":null}}]},"10":{"loc":{"start":{"line":212,"column":4},"end":{"line":212,"column":74}},"type":"if","locations":[{"start":{"line":212,"column":4},"end":{"line":212,"column":74}}]},"11":{"loc":{"start":{"line":249,"column":25},"end":{"line":249,"column":78}},"type":"cond-expr","locations":[{"start":{"line":249,"column":53},"end":{"line":249,"column":70}},{"start":{"line":249,"column":73},"end":{"line":249,"column":78}}]}},"s":{"0":6,"1":6,"2":6,"3":6,"4":6,"5":6,"6":6,"7":6,"8":6,"9":6,"10":6,"11":25,"12":25,"13":25,"14":25,"15":25,"16":25,"17":25,"18":25,"19":25,"20":4,"21":4,"22":2,"23":2,"24":4,"25":4,"26":2,"27":2,"28":1,"29":1,"30":7,"31":7,"32":1,"33":7,"34":1,"35":7,"36":1,"37":7,"38":2,"39":7,"40":1,"41":1,"42":1,"43":1,"44":1,"45":1,"46":1,"47":1,"48":0,"49":1,"50":1,"51":1,"52":1,"53":1,"54":0,"55":0,"56":0,"57":0,"58":0,"59":0,"60":0,"61":0,"62":0,"63":0,"64":0,"65":0,"66":0,"67":0,"68":0,"69":1,"70":3,"71":3,"72":1,"73":1,"74":1,"75":1,"76":0,"77":0,"78":0,"79":0,"80":0,"81":0,"82":1,"83":3,"84":1,"85":1,"86":1,"87":1,"88":1,"89":0,"90":6,"91":25,"92":6},"f":{"0":25,"1":4,"2":4,"3":2,"4":1,"5":1,"6":7,"7":1,"8":1,"9":1,"10":1,"11":0,"12":0,"13":1,"14":3,"15":1,"16":0,"17":0,"18":1,"19":3,"20":1,"21":1,"22":25},"b":{"0":[2],"1":[3,1],"2":[1,1],"3":[1],"4":[1],"5":[1],"6":[2],"7":[0],"8":[0],"9":[0],"10":[1],"11":[1,2]}}
,"/home/steve/Desktop/DeveloperSteve/projects/freeman/chainenv/chainev-api/src/components/project/controllers/project.controller.ts": {"path":"/home/steve/Desktop/DeveloperSteve/projects/freeman/chainenv/chainev-api/src/components/project/controllers/project.controller.ts","statementMap":{"0":{"start":{"line":1,"column":0},"end":{"line":1,"column":null}},"1":{"start":{"line":15,"column":0},"end":{"line":15,"column":71}},"2":{"start":{"line":16,"column":0},"end":{"line":16,"column":69}},"3":{"start":{"line":17,"column":0},"end":{"line":17,"column":61}},"4":{"start":{"line":18,"column":0},"end":{"line":18,"column":null}},"5":{"start":{"line":25,"column":7},"end":{"line":150,"column":null}},"6":{"start":{"line":28,"column":21},"end":{"line":28,"column":37}},"7":{"start":{"line":34,"column":28},"end":{"line":34,"column":31}},"8":{"start":{"line":35,"column":20},"end":{"line":35,"column":75}},"9":{"start":{"line":36,"column":4},"end":{"line":36,"column":72}},"10":{"start":{"line":42,"column":47},"end":{"line":42,"column":50}},"11":{"start":{"line":43,"column":19},"end":{"line":47,"column":6}},"12":{"start":{"line":49,"column":4},"end":{"line":49,"column":55}},"13":{"start":{"line":55,"column":28},"end":{"line":55,"column":31}},"14":{"start":{"line":56,"column":20},"end":{"line":56,"column":74}},"15":{"start":{"line":57,"column":4},"end":{"line":57,"column":58}},"16":{"start":{"line":67,"column":28},"end":{"line":67,"column":31}},"17":{"start":{"line":68,"column":20},"end":{"line":68,"column":79}},"18":{"start":{"line":69,"column":4},"end":{"line":69,"column":72}},"19":{"start":{"line":75,"column":28},"end":{"line":75,"column":31}},"20":{"start":{"line":76,"column":20},"end":{"line":76,"column":73}},"21":{"start":{"line":77,"column":4},"end":{"line":77,"column":64}},"22":{"start":{"line":87,"column":28},"end":{"line":87,"column":31}},"23":{"start":{"line":88,"column":24},"end":{"line":90,"column":6}},"24":{"start":{"line":91,"column":4},"end":{"line":91,"column":74}},"25":{"start":{"line":100,"column":28},"end":{"line":100,"column":31}},"26":{"start":{"line":101,"column":25},"end":{"line":103,"column":6}},"27":{"start":{"line":104,"column":4},"end":{"line":104,"column":63}},"28":{"start":{"line":114,"column":28},"end":{"line":114,"column":31}},"29":{"start":{"line":115,"column":4},"end":{"line":117,"column":7}},"30":{"start":{"line":118,"column":4},"end":{"line":118,"column":63}},"31":{"start":{"line":127,"column":47},"end":{"line":127,"column":50}},"32":{"start":{"line":128,"column":19},"end":{"line":132,"column":6}},"33":{"start":{"line":133,"column":4},"end":{"line":133,"column":57}},"34":{"start":{"line":142,"column":47},"end":{"line":142,"column":50}},"35":{"start":{"line":143,"column":19},"end":{"line":147,"column":6}},"36":{"start":{"line":148,"column":4},"end":{"line":148,"column":57}},"37":{"start":{"line":33,"column":8},"end":{"line":37,"column":null}},"38":{"start":{"line":41,"column":8},"end":{"line":50,"column":null}},"39":{"start":{"line":54,"column":8},"end":{"line":58,"column":null}},"40":{"start":{"line":62,"column":8},"end":{"line":70,"column":null}},"41":{"start":{"line":74,"column":8},"end":{"line":78,"column":null}},"42":{"start":{"line":82,"column":8},"end":{"line":92,"column":null}},"43":{"start":{"line":96,"column":8},"end":{"line":105,"column":null}},"44":{"start":{"line":109,"column":8},"end":{"line":119,"column":null}},"45":{"start":{"line":123,"column":8},"end":{"line":134,"column":null}},"46":{"start":{"line":138,"column":8},"end":{"line":149,"column":null}},"47":{"start":{"line":25,"column":13},"end":{"line":150,"column":null}},"48":{"start":{"line":27,"column":29},"end":{"line":27,"column":43}},"49":{"start":{"line":25,"column":13},"end":{"line":25,"column":30}}},"fnMap":{"0":{"name":"(anonymous_4)","decl":{"start":{"line":26,"column":2},"end":{"line":26,"column":null}},"loc":{"start":{"line":28,"column":51},"end":{"line":29,"column":6}}},"1":{"name":"(anonymous_5)","decl":{"start":{"line":33,"column":2},"end":{"line":33,"column":7}},"loc":{"start":{"line":33,"column":69},"end":{"line":37,"column":3}}},"2":{"name":"(anonymous_6)","decl":{"start":{"line":41,"column":2},"end":{"line":41,"column":7}},"loc":{"start":{"line":41,"column":36},"end":{"line":50,"column":3}}},"3":{"name":"(anonymous_7)","decl":{"start":{"line":54,"column":2},"end":{"line":54,"column":7}},"loc":{"start":{"line":54,"column":75},"end":{"line":58,"column":3}}},"4":{"name":"(anonymous_8)","decl":{"start":{"line":62,"column":2},"end":{"line":62,"column":7}},"loc":{"start":{"line":65,"column":34},"end":{"line":70,"column":3}}},"5":{"name":"(anonymous_9)","decl":{"start":{"line":74,"column":2},"end":{"line":74,"column":7}},"loc":{"start":{"line":74,"column":77},"end":{"line":78,"column":3}}},"6":{"name":"(anonymous_10)","decl":{"start":{"line":82,"column":2},"end":{"line":82,"column":7}},"loc":{"start":{"line":85,"column":42},"end":{"line":92,"column":3}}},"7":{"name":"(anonymous_11)","decl":{"start":{"line":96,"column":2},"end":{"line":96,"column":7}},"loc":{"start":{"line":98,"column":42},"end":{"line":105,"column":3}}},"8":{"name":"(anonymous_12)","decl":{"start":{"line":109,"column":2},"end":{"line":109,"column":7}},"loc":{"start":{"line":112,"column":64},"end":{"line":119,"column":3}}},"9":{"name":"(anonymous_13)","decl":{"start":{"line":123,"column":2},"end":{"line":123,"column":7}},"loc":{"start":{"line":125,"column":42},"end":{"line":134,"column":3}}},"10":{"name":"(anonymous_14)","decl":{"start":{"line":138,"column":2},"end":{"line":138,"column":7}},"loc":{"start":{"line":140,"column":42},"end":{"line":149,"column":3}}},"11":{"name":"(anonymous_15)","decl":{"start":{"line":27,"column":23},"end":{"line":27,"column":26}},"loc":{"start":{"line":27,"column":29},"end":{"line":27,"column":43}}}},"branchMap":{},"s":{"0":1,"1":1,"2":1,"3":1,"4":1,"5":1,"6":10,"7":1,"8":1,"9":1,"10":1,"11":1,"12":1,"13":1,"14":1,"15":1,"16":1,"17":1,"18":1,"19":1,"20":1,"21":1,"22":1,"23":1,"24":1,"25":1,"26":1,"27":1,"28":1,"29":1,"30":1,"31":1,"32":1,"33":1,"34":1,"35":1,"36":1,"37":1,"38":1,"39":1,"40":1,"41":1,"42":1,"43":1,"44":1,"45":1,"46":1,"47":1,"48":10,"49":1},"f":{"0":10,"1":1,"2":1,"3":1,"4":1,"5":1,"6":1,"7":1,"8":1,"9":1,"10":1,"11":10},"b":{}}
,"/home/steve/Desktop/DeveloperSteve/projects/freeman/chainenv/chainev-api/src/components/project/dto/project.dto.ts": {"path":"/home/steve/Desktop/DeveloperSteve/projects/freeman/chainenv/chainev-api/src/components/project/dto/project.dto.ts","statementMap":{"0":{"start":{"line":2,"column":0},"end":{"line":2,"column":null}},"1":{"start":{"line":14,"column":0},"end":{"line":14,"column":104}},"2":{"start":{"line":17,"column":2},"end":{"line":20,"column":null}},"3":{"start":{"line":22,"column":2},"end":{"line":23,"column":null}},"4":{"start":{"line":25,"column":2},"end":{"line":27,"column":null}},"5":{"start":{"line":29,"column":2},"end":{"line":30,"column":null}},"6":{"start":{"line":32,"column":2},"end":{"line":36,"column":null}},"7":{"start":{"line":38,"column":2},"end":{"line":39,"column":null}},"8":{"start":{"line":16,"column":0},"end":{"line":16,"column":13}},"9":{"start":{"line":43,"column":2},"end":{"line":47,"column":null}},"10":{"start":{"line":49,"column":2},"end":{"line":51,"column":null}},"11":{"start":{"line":53,"column":2},"end":{"line":58,"column":null}},"12":{"start":{"line":42,"column":0},"end":{"line":42,"column":13}},"13":{"start":{"line":62,"column":2},"end":{"line":63,"column":null}},"14":{"start":{"line":65,"column":2},"end":{"line":67,"column":null}},"15":{"start":{"line":69,"column":2},"end":{"line":70,"column":null}},"16":{"start":{"line":61,"column":0},"end":{"line":61,"column":13}}},"fnMap":{},"branchMap":{},"s":{"0":1,"1":1,"2":1,"3":1,"4":1,"5":1,"6":1,"7":1,"8":1,"9":1,"10":1,"11":1,"12":1,"13":1,"14":1,"15":1,"16":1},"f":{},"b":{}}
,"/home/steve/Desktop/DeveloperSteve/projects/freeman/chainenv/chainev-api/src/components/project/entities/project.entity.ts": {"path":"/home/steve/Desktop/DeveloperSteve/projects/freeman/chainenv/chainev-api/src/components/project/entities/project.entity.ts","statementMap":{"0":{"start":{"line":1,"column":0},"end":{"line":1,"column":52}},"1":{"start":{"line":2,"column":0},"end":{"line":2,"column":94}},"2":{"start":{"line":3,"column":0},"end":{"line":3,"column":null}},"3":{"start":{"line":12,"column":0},"end":{"line":12,"column":52}},"4":{"start":{"line":13,"column":0},"end":{"line":13,"column":99}},"5":{"start":{"line":16,"column":7},"end":{"line":55,"column":null}},"6":{"start":{"line":18,"column":4},"end":{"line":18,"column":47}},"7":{"start":{"line":50,"column":4},"end":{"line":50,"column":40}},"8":{"start":{"line":20,"column":2},"end":{"line":22,"column":null}},"9":{"start":{"line":24,"column":2},"end":{"line":25,"column":null}},"10":{"start":{"line":27,"column":2},"end":{"line":28,"column":null}},"11":{"start":{"line":30,"column":2},"end":{"line":31,"column":null}},"12":{"start":{"line":33,"column":2},"end":{"line":34,"column":null}},"13":{"start":{"line":36,"column":2},"end":{"line":37,"column":null}},"14":{"start":{"line":39,"column":2},"end":{"line":40,"column":null}},"15":{"start":{"line":42,"column":2},"end":{"line":43,"column":null}},"16":{"start":{"line":45,"column":2},"end":{"line":46,"column":null}},"17":{"start":{"line":48,"column":2},"end":{"line":51,"column":null}},"18":{"start":{"line":53,"column":2},"end":{"line":54,"column":null}},"19":{"start":{"line":53,"column":19},"end":{"line":53,"column":37}},"20":{"start":{"line":53,"column":56},"end":{"line":53,"column":75}},"21":{"start":{"line":16,"column":13},"end":{"line":55,"column":null}},"22":{"start":{"line":16,"column":13},"end":{"line":16,"column":20}}},"fnMap":{"0":{"name":"(anonymous_2)","decl":{"start":{"line":17,"column":2},"end":{"line":17,"column":7}},"loc":{"start":{"line":17,"column":18},"end":{"line":19,"column":3}}},"1":{"name":"(anonymous_3)","decl":{"start":{"line":49,"column":2},"end":{"line":49,"column":22}},"loc":{"start":{"line":49,"column":22},"end":{"line":51,"column":3}}},"2":{"name":"(anonymous_4)","decl":{"start":{"line":53,"column":13},"end":{"line":53,"column":16}},"loc":{"start":{"line":53,"column":19},"end":{"line":53,"column":37}}},"3":{"name":"(anonymous_5)","decl":{"start":{"line":53,"column":39},"end":{"line":53,"column":40}},"loc":{"start":{"line":53,"column":56},"end":{"line":53,"column":75}}}},"branchMap":{},"s":{"0":9,"1":9,"2":9,"3":9,"4":9,"5":9,"6":0,"7":1,"8":9,"9":9,"10":9,"11":9,"12":9,"13":9,"14":9,"15":9,"16":9,"17":9,"18":9,"19":0,"20":0,"21":9,"22":9},"f":{"0":0,"1":1,"2":0,"3":0},"b":{}}
,"/home/steve/Desktop/DeveloperSteve/projects/freeman/chainenv/chainev-api/src/components/project/enum/project.enum.ts": {"path":"/home/steve/Desktop/DeveloperSteve/projects/freeman/chainenv/chainev-api/src/components/project/enum/project.enum.ts","statementMap":{"0":{"start":{"line":1,"column":0},"end":{"line":1,"column":null}},"1":{"start":{"line":2,"column":2},"end":{"line":2,"column":null}},"2":{"start":{"line":3,"column":2},"end":{"line":3,"column":null}},"3":{"start":{"line":4,"column":2},"end":{"line":4,"column":null}},"4":{"start":{"line":5,"column":2},"end":{"line":5,"column":null}}},"fnMap":{"0":{"name":"(anonymous_0)","decl":{"start":{"line":1,"column":0},"end":{"line":1,"column":12}},"loc":{"start":{"line":1,"column":24},"end":{"line":6,"column":1}}}},"branchMap":{"0":{"loc":{"start":{"line":1,"column":12},"end":{"line":1,"column":null}},"type":"binary-expr","locations":[{"start":{"line":1,"column":12},"end":{"line":1,"column":24}},{"start":{"line":1,"column":12},"end":{"line":1,"column":null}}]}},"s":{"0":9,"1":9,"2":9,"3":9,"4":9},"f":{"0":9},"b":{"0":[9,9]}}
,"/home/steve/Desktop/DeveloperSteve/projects/freeman/chainenv/chainev-api/src/components/project/services/project.service.ts": {"path":"/home/steve/Desktop/DeveloperSteve/projects/freeman/chainenv/chainev-api/src/components/project/services/project.service.ts","statementMap":{"0":{"start":{"line":1,"column":0},"end":{"line":1,"column":null}},"1":{"start":{"line":8,"column":0},"end":{"line":8,"column":51}},"2":{"start":{"line":10,"column":0},"end":{"line":10,"column":null}},"3":{"start":{"line":17,"column":0},"end":{"line":17,"column":80}},"4":{"start":{"line":18,"column":0},"end":{"line":18,"column":53}},"5":{"start":{"line":25,"column":0},"end":{"line":25,"column":52}},"6":{"start":{"line":26,"column":0},"end":{"line":26,"column":107}},"7":{"start":{"line":27,"column":0},"end":{"line":27,"column":89}},"8":{"start":{"line":30,"column":7},"end":{"line":194,"column":null}},"9":{"start":{"line":39,"column":4},"end":{"line":39,"column":23}},"10":{"start":{"line":33,"column":21},"end":{"line":33,"column":34}},"11":{"start":{"line":35,"column":21},"end":{"line":35,"column":48}},"12":{"start":{"line":37,"column":21},"end":{"line":37,"column":42}},"13":{"start":{"line":43,"column":20},"end":{"line":43,"column":69}},"14":{"start":{"line":44,"column":4},"end":{"line":46,"column":null}},"15":{"start":{"line":45,"column":6},"end":{"line":45,"column":55}},"16":{"start":{"line":47,"column":4},"end":{"line":47,"column":19}},"17":{"start":{"line":54,"column":28},"end":{"line":54,"column":35}},"18":{"start":{"line":56,"column":4},"end":{"line":82,"column":7}},"19":{"start":{"line":57,"column":6},"end":{"line":57,"column":46}},"20":{"start":{"line":59,"column":24},"end":{"line":59,"column":45}},"21":{"start":{"line":61,"column":20},"end":{"line":66,"column":8}},"22":{"start":{"line":68,"column":6},"end":{"line":68,"column":50}},"23":{"start":{"line":71,"column":6},"end":{"line":79,"column":8}},"24":{"start":{"line":81,"column":6},"end":{"line":81,"column":21}},"25":{"start":{"line":90,"column":18},"end":{"line":92,"column":6}},"26":{"start":{"line":94,"column":4},"end":{"line":96,"column":null}},"27":{"start":{"line":95,"column":6},"end":{"line":95,"column":55}},"28":{"start":{"line":98,"column":17},"end":{"line":98,"column":32}},"29":{"start":{"line":100,"column":4},"end":{"line":102,"column":null}},"30":{"start":{"line":101,"column":6},"end":{"line":101,"column":42}},"31":{"start":{"line":104,"column":4},"end":{"line":104,"column":65}},"32":{"start":{"line":106,"column":4},"end":{"line":106,"column":19}},"33":{"start":{"line":110,"column":4},"end":{"line":112,"column":7}},"34":{"start":{"line":116,"column":40},"end":{"line":116,"column":47}},"35":{"start":{"line":118,"column":23},"end":{"line":124,"column":64}},"36":{"start":{"line":126,"column":29},"end":{"line":126,"column":65}},"37":{"start":{"line":127,"column":4},"end":{"line":127,"column":30}},"38":{"start":{"line":131,"column":18},"end":{"line":134,"column":6}},"39":{"start":{"line":136,"column":4},"end":{"line":138,"column":null}},"40":{"start":{"line":137,"column":6},"end":{"line":137,"column":55}},"41":{"start":{"line":140,"column":4},"end":{"line":140,"column":19}},"42":{"start":{"line":144,"column":20},"end":{"line":144,"column":51}},"43":{"start":{"line":145,"column":4},"end":{"line":145,"column":72}},"44":{"start":{"line":153,"column":20},"end":{"line":153,"column":51}},"45":{"start":{"line":155,"column":4},"end":{"line":161,"column":6}},"46":{"start":{"line":165,"column":20},"end":{"line":165,"column":51}},"47":{"start":{"line":166,"column":4},"end":{"line":166,"column":70}},"48":{"start":{"line":174,"column":4},"end":{"line":174,"column":36}},"49":{"start":{"line":175,"column":4},"end":{"line":175,"column":73}},"50":{"start":{"line":179,"column":20},"end":{"line":179,"column":51}},"51":{"start":{"line":180,"column":4},"end":{"line":183,"column":7}},"52":{"start":{"line":187,"column":20},"end":{"line":187,"column":51}},"53":{"start":{"line":188,"column":18},"end":{"line":190,"column":null}},"54":{"start":{"line":192,"column":4},"end":{"line":192,"column":21}},"55":{"start":{"line":30,"column":13},"end":{"line":194,"column":null}},"56":{"start":{"line":34,"column":29},"end":{"line":34,"column":54}},"57":{"start":{"line":36,"column":29},"end":{"line":36,"column":48}},"58":{"start":{"line":30,"column":13},"end":{"line":30,"column":27}}},"fnMap":{"0":{"name":"(anonymous_4)","decl":{"start":{"line":31,"column":2},"end":{"line":31,"column":null}},"loc":{"start":{"line":37,"column":61},"end":{"line":40,"column":3}}},"1":{"name":"(anonymous_5)","decl":{"start":{"line":42,"column":2},"end":{"line":42,"column":7}},"loc":{"start":{"line":42,"column":25},"end":{"line":48,"column":3}}},"2":{"name":"(anonymous_6)","decl":{"start":{"line":50,"column":2},"end":{"line":50,"column":7}},"loc":{"start":{"line":52,"column":33},"end":{"line":83,"column":3}}},"3":{"name":"(anonymous_7)","decl":{"start":{"line":56,"column":48},"end":{"line":56,"column":53}},"loc":{"start":{"line":56,"column":72},"end":{"line":82,"column":5}}},"4":{"name":"(anonymous_8)","decl":{"start":{"line":85,"column":2},"end":{"line":85,"column":7}},"loc":{"start":{"line":88,"column":33},"end":{"line":107,"column":3}}},"5":{"name":"(anonymous_9)","decl":{"start":{"line":109,"column":2},"end":{"line":109,"column":7}},"loc":{"start":{"line":109,"column":27},"end":{"line":113,"column":3}}},"6":{"name":"(anonymous_10)","decl":{"start":{"line":115,"column":2},"end":{"line":115,"column":7}},"loc":{"start":{"line":115,"column":42},"end":{"line":128,"column":3}}},"7":{"name":"(anonymous_11)","decl":{"start":{"line":130,"column":2},"end":{"line":130,"column":7}},"loc":{"start":{"line":130,"column":57},"end":{"line":141,"column":3}}},"8":{"name":"(anonymous_12)","decl":{"start":{"line":143,"column":2},"end":{"line":143,"column":7}},"loc":{"start":{"line":143,"column":56},"end":{"line":146,"column":3}}},"9":{"name":"(anonymous_13)","decl":{"start":{"line":148,"column":2},"end":{"line":148,"column":7}},"loc":{"start":{"line":151,"column":33},"end":{"line":162,"column":3}}},"10":{"name":"(anonymous_14)","decl":{"start":{"line":164,"column":2},"end":{"line":164,"column":7}},"loc":{"start":{"line":164,"column":66},"end":{"line":167,"column":3}}},"11":{"name":"(anonymous_15)","decl":{"start":{"line":169,"column":2},"end":{"line":169,"column":7}},"loc":{"start":{"line":172,"column":33},"end":{"line":176,"column":3}}},"12":{"name":"(anonymous_16)","decl":{"start":{"line":178,"column":2},"end":{"line":178,"column":7}},"loc":{"start":{"line":178,"column":60},"end":{"line":184,"column":3}}},"13":{"name":"(anonymous_17)","decl":{"start":{"line":186,"column":2},"end":{"line":186,"column":7}},"loc":{"start":{"line":186,"column":64},"end":{"line":193,"column":3}}},"14":{"name":"(anonymous_18)","decl":{"start":{"line":34,"column":23},"end":{"line":34,"column":26}},"loc":{"start":{"line":34,"column":29},"end":{"line":34,"column":54}}},"15":{"name":"(anonymous_19)","decl":{"start":{"line":36,"column":23},"end":{"line":36,"column":26}},"loc":{"start":{"line":36,"column":29},"end":{"line":36,"column":48}}}},"branchMap":{"0":{"loc":{"start":{"line":44,"column":4},"end":{"line":46,"column":null}},"type":"if","locations":[{"start":{"line":44,"column":4},"end":{"line":46,"column":null}}]},"1":{"loc":{"start":{"line":94,"column":4},"end":{"line":96,"column":null}},"type":"if","locations":[{"start":{"line":94,"column":4},"end":{"line":96,"column":null}}]},"2":{"loc":{"start":{"line":100,"column":4},"end":{"line":102,"column":null}},"type":"if","locations":[{"start":{"line":100,"column":4},"end":{"line":102,"column":null}}]},"3":{"loc":{"start":{"line":121,"column":12},"end":{"line":121,"column":28}},"type":"cond-expr","locations":[{"start":{"line":121,"column":22},"end":{"line":121,"column":24}},{"start":{"line":121,"column":12},"end":{"line":121,"column":28}}]},"4":{"loc":{"start":{"line":121,"column":12},"end":{"line":121,"column":24}},"type":"binary-expr","locations":[{"start":{"line":121,"column":12},"end":{"line":121,"column":24}},{"start":{"line":121,"column":12},"end":{"line":121,"column":24}}]},"5":{"loc":{"start":{"line":122,"column":12},"end":{"line":122,"column":28}},"type":"cond-expr","locations":[{"start":{"line":122,"column":22},"end":{"line":122,"column":24}},{"start":{"line":122,"column":12},"end":{"line":122,"column":28}}]},"6":{"loc":{"start":{"line":122,"column":12},"end":{"line":122,"column":24}},"type":"binary-expr","locations":[{"start":{"line":122,"column":12},"end":{"line":122,"column":24}},{"start":{"line":122,"column":12},"end":{"line":122,"column":24}}]},"7":{"loc":{"start":{"line":136,"column":4},"end":{"line":138,"column":null}},"type":"if","locations":[{"start":{"line":136,"column":4},"end":{"line":138,"column":null}}]}},"s":{"0":5,"1":5,"2":5,"3":5,"4":5,"5":5,"6":5,"7":5,"8":5,"9":17,"10":17,"11":17,"12":17,"13":4,"14":4,"15":2,"16":2,"17":1,"18":1,"19":0,"20":0,"21":0,"22":0,"23":0,"24":0,"25":2,"26":2,"27":1,"28":1,"29":1,"30":1,"31":1,"32":1,"33":1,"34":1,"35":1,"36":1,"37":1,"38":8,"39":8,"40":0,"41":8,"42":1,"43":1,"44":1,"45":1,"46":1,"47":1,"48":2,"49":2,"50":1,"51":1,"52":1,"53":1,"54":1,"55":5,"56":17,"57":17,"58":5},"f":{"0":17,"1":4,"2":1,"3":0,"4":2,"5":1,"6":1,"7":8,"8":1,"9":1,"10":1,"11":2,"12":1,"13":1,"14":17,"15":17},"b":{"0":[2],"1":[1],"2":[1],"3":[0,1],"4":[1,1],"5":[0,1],"6":[1,1],"7":[0]}}
,"/home/steve/Desktop/DeveloperSteve/projects/freeman/chainenv/chainev-api/src/components/seeders/entities/seeder.entity.ts": {"path":"/home/steve/Desktop/DeveloperSteve/projects/freeman/chainenv/chainev-api/src/components/seeders/entities/seeder.entity.ts","statementMap":{"0":{"start":{"line":1,"column":0},"end":{"line":1,"column":52}},"1":{"start":{"line":2,"column":0},"end":{"line":2,"column":null}},"2":{"start":{"line":11,"column":7},"end":{"line":25,"column":null}},"3":{"start":{"line":12,"column":2},"end":{"line":14,"column":null}},"4":{"start":{"line":16,"column":2},"end":{"line":17,"column":null}},"5":{"start":{"line":19,"column":2},"end":{"line":20,"column":null}},"6":{"start":{"line":22,"column":2},"end":{"line":24,"column":null}},"7":{"start":{"line":11,"column":13},"end":{"line":25,"column":null}},"8":{"start":{"line":11,"column":13},"end":{"line":11,"column":24}}},"fnMap":{},"branchMap":{},"s":{"0":0,"1":0,"2":0,"3":0,"4":0,"5":0,"6":0,"7":0,"8":0},"f":{},"b":{}}
,"/home/steve/Desktop/DeveloperSteve/projects/freeman/chainenv/chainev-api/src/components/user/user.module.ts": {"path":"/home/steve/Desktop/DeveloperSteve/projects/freeman/chainenv/chainev-api/src/components/user/user.module.ts","statementMap":{"0":{"start":{"line":1,"column":0},"end":{"line":1,"column":48}},"1":{"start":{"line":2,"column":0},"end":{"line":2,"column":48}},"2":{"start":{"line":3,"column":0},"end":{"line":3,"column":46}},"3":{"start":{"line":4,"column":0},"end":{"line":4,"column":54}},"4":{"start":{"line":12,"column":7},"end":{"line":12,"column":null}},"5":{"start":{"line":12,"column":13},"end":{"line":12,"column":null}},"6":{"start":{"line":12,"column":13},"end":{"line":12,"column":23}}},"fnMap":{},"branchMap":{},"s":{"0":0,"1":0,"2":0,"3":0,"4":0,"5":0,"6":0},"f":{},"b":{}}
,"/home/steve/Desktop/DeveloperSteve/projects/freeman/chainenv/chainev-api/src/components/user/entities/user.entity.ts": {"path":"/home/steve/Desktop/DeveloperSteve/projects/freeman/chainenv/chainev-api/src/components/user/entities/user.entity.ts","statementMap":{"0":{"start":{"line":1,"column":0},"end":{"line":1,"column":52}},"1":{"start":{"line":2,"column":0},"end":{"line":2,"column":null}},"2":{"start":{"line":12,"column":7},"end":{"line":46,"column":null}},"3":{"start":{"line":44,"column":4},"end":{"line":44,"column":40}},"4":{"start":{"line":13,"column":2},"end":{"line":15,"column":null}},"5":{"start":{"line":17,"column":2},"end":{"line":18,"column":null}},"6":{"start":{"line":20,"column":2},"end":{"line":21,"column":null}},"7":{"start":{"line":23,"column":2},"end":{"line":24,"column":null}},"8":{"start":{"line":26,"column":2},"end":{"line":27,"column":null}},"9":{"start":{"line":29,"column":2},"end":{"line":31,"column":null}},"10":{"start":{"line":33,"column":2},"end":{"line":34,"column":null}},"11":{"start":{"line":36,"column":2},"end":{"line":37,"column":null}},"12":{"start":{"line":39,"column":2},"end":{"line":40,"column":null}},"13":{"start":{"line":42,"column":2},"end":{"line":45,"column":null}},"14":{"start":{"line":12,"column":13},"end":{"line":46,"column":null}},"15":{"start":{"line":12,"column":13},"end":{"line":12,"column":17}}},"fnMap":{"0":{"name":"(anonymous_2)","decl":{"start":{"line":43,"column":2},"end":{"line":43,"column":22}},"loc":{"start":{"line":43,"column":22},"end":{"line":45,"column":3}}}},"branchMap":{},"s":{"0":8,"1":8,"2":8,"3":1,"4":8,"5":8,"6":8,"7":8,"8":8,"9":8,"10":8,"11":8,"12":8,"13":8,"14":8,"15":8},"f":{"0":1},"b":{}}
,"/home/steve/Desktop/DeveloperSteve/projects/freeman/chainenv/chainev-api/src/components/user/services/user.service.ts": {"path":"/home/steve/Desktop/DeveloperSteve/projects/freeman/chainenv/chainev-api/src/components/user/services/user.service.ts","statementMap":{"0":{"start":{"line":1,"column":0},"end":{"line":1,"column":null}},"1":{"start":{"line":6,"column":0},"end":{"line":6,"column":51}},"2":{"start":{"line":8,"column":0},"end":{"line":8,"column":null}},"3":{"start":{"line":15,"column":0},"end":{"line":15,"column":80}},"4":{"start":{"line":16,"column":0},"end":{"line":16,"column":47}},"5":{"start":{"line":18,"column":0},"end":{"line":18,"column":33}},"6":{"start":{"line":21,"column":7},"end":{"line":86,"column":null}},"7":{"start":{"line":26,"column":4},"end":{"line":26,"column":20}},"8":{"start":{"line":24,"column":21},"end":{"line":24,"column":31}},"9":{"start":{"line":30,"column":17},"end":{"line":30,"column":63}},"10":{"start":{"line":31,"column":4},"end":{"line":33,"column":null}},"11":{"start":{"line":32,"column":6},"end":{"line":32,"column":52}},"12":{"start":{"line":34,"column":4},"end":{"line":34,"column":16}},"13":{"start":{"line":38,"column":17},"end":{"line":38,"column":46}},"14":{"start":{"line":39,"column":4},"end":{"line":41,"column":null}},"15":{"start":{"line":40,"column":6},"end":{"line":40,"column":75}},"16":{"start":{"line":48,"column":4},"end":{"line":48,"column":48}},"17":{"start":{"line":49,"column":27},"end":{"line":49,"column":66}},"18":{"start":{"line":50,"column":15},"end":{"line":52,"column":null}},"19":{"start":{"line":54,"column":4},"end":{"line":54,"column":36}},"20":{"start":{"line":58,"column":4},"end":{"line":60,"column":7}},"21":{"start":{"line":64,"column":4},"end":{"line":64,"column":34}},"22":{"start":{"line":68,"column":4},"end":{"line":70,"column":7}},"23":{"start":{"line":74,"column":4},"end":{"line":74,"column":68}},"24":{"start":{"line":81,"column":18},"end":{"line":81,"column":70}},"25":{"start":{"line":82,"column":4},"end":{"line":84,"column":null}},"26":{"start":{"line":83,"column":6},"end":{"line":83,"column":69}},"27":{"start":{"line":21,"column":13},"end":{"line":86,"column":null}},"28":{"start":{"line":21,"column":13},"end":{"line":21,"column":24}}},"fnMap":{"0":{"name":"(anonymous_4)","decl":{"start":{"line":22,"column":2},"end":{"line":22,"column":null}},"loc":{"start":{"line":24,"column":47},"end":{"line":27,"column":3}}},"1":{"name":"(anonymous_5)","decl":{"start":{"line":29,"column":2},"end":{"line":29,"column":7}},"loc":{"start":{"line":29,"column":25},"end":{"line":35,"column":3}}},"2":{"name":"(anonymous_6)","decl":{"start":{"line":37,"column":2},"end":{"line":37,"column":7}},"loc":{"start":{"line":37,"column":41},"end":{"line":42,"column":3}}},"3":{"name":"(anonymous_7)","decl":{"start":{"line":44,"column":2},"end":{"line":44,"column":7}},"loc":{"start":{"line":46,"column":33},"end":{"line":55,"column":3}}},"4":{"name":"(anonymous_8)","decl":{"start":{"line":57,"column":2},"end":{"line":57,"column":7}},"loc":{"start":{"line":57,"column":27},"end":{"line":61,"column":3}}},"5":{"name":"(anonymous_9)","decl":{"start":{"line":63,"column":2},"end":{"line":63,"column":7}},"loc":{"start":{"line":63,"column":15},"end":{"line":65,"column":3}}},"6":{"name":"(anonymous_10)","decl":{"start":{"line":67,"column":2},"end":{"line":67,"column":7}},"loc":{"start":{"line":67,"column":33},"end":{"line":71,"column":3}}},"7":{"name":"(anonymous_11)","decl":{"start":{"line":73,"column":2},"end":{"line":73,"column":7}},"loc":{"start":{"line":73,"column":37},"end":{"line":75,"column":3}}},"8":{"name":"(anonymous_12)","decl":{"start":{"line":77,"column":2},"end":{"line":77,"column":7}},"loc":{"start":{"line":79,"column":29},"end":{"line":85,"column":3}}}},"branchMap":{"0":{"loc":{"start":{"line":31,"column":4},"end":{"line":33,"column":null}},"type":"if","locations":[{"start":{"line":31,"column":4},"end":{"line":33,"column":null}}]},"1":{"loc":{"start":{"line":39,"column":4},"end":{"line":41,"column":null}},"type":"if","locations":[{"start":{"line":39,"column":4},"end":{"line":41,"column":null}}]},"2":{"loc":{"start":{"line":82,"column":4},"end":{"line":84,"column":null}},"type":"if","locations":[{"start":{"line":82,"column":4},"end":{"line":84,"column":null}}]}},"s":{"0":7,"1":7,"2":7,"3":7,"4":7,"5":7,"6":7,"7":9,"8":9,"9":2,"10":2,"11":1,"12":1,"13":2,"14":2,"15":1,"16":2,"17":1,"18":1,"19":1,"20":2,"21":1,"22":2,"23":1,"24":2,"25":2,"26":1,"27":7,"28":7},"f":{"0":9,"1":2,"2":2,"3":2,"4":2,"5":1,"6":2,"7":1,"8":2},"b":{"0":[1],"1":[1],"2":[1]}}
}
