TN:
SF:src/components/auth/auth.module.ts
FN:7,(anonymous_1)
FNF:1
FNH:0
FNDA:0,(anonymous_1)
DA:1,0
DA:2,0
DA:3,0
DA:4,0
DA:7,0
DA:12,0
LF:6
LH:0
BRF:0
BRH:0
end_of_record
TN:
SF:src/components/auth/controllers/auth.controller.ts
FN:8,(anonymous_4)
FN:17,(anonymous_5)
FN:26,(anonymous_6)
FN:9,(anonymous_7)
FNF:4
FNH:4
FNDA:2,(anonymous_4)
FNDA:1,(anonymous_5)
FNDA:1,(anonymous_6)
FNDA:2,(anonymous_7)
DA:1,1
DA:2,1
DA:3,1
DA:4,1
DA:7,1
DA:9,2
DA:10,2
DA:17,1
DA:18,1
DA:19,1
DA:26,1
DA:27,1
DA:28,1
LF:13
LH:13
BRF:0
BRH:0
end_of_record
TN:
SF:src/components/auth/dto/auth.dto.ts
FN:21,(anonymous_2)
FN:32,(anonymous_3)
FN:43,(anonymous_4)
FNF:3
FNH:0
FNDA:0,(anonymous_2)
FNDA:0,(anonymous_3)
FNDA:0,(anonymous_4)
DA:1,1
DA:2,1
DA:3,1
DA:5,1
DA:6,1
DA:11,1
DA:16,1
DA:21,1
DA:25,1
DA:31,1
DA:32,1
DA:37,1
DA:42,1
DA:43,1
DA:49,1
DA:50,1
DA:54,1
DA:59,1
DA:60,1
DA:64,1
LF:20
LH:20
BRF:0
BRH:0
end_of_record
TN:
SF:src/components/auth/services/auth.service.ts
FN:25,(anonymous_4)
FN:35,(anonymous_5)
FN:44,(anonymous_6)
FN:58,(anonymous_7)
FN:71,(anonymous_8)
FN:26,(anonymous_9)
FNF:6
FNH:6
FNDA:9,(anonymous_4)
FNDA:1,(anonymous_5)
FNDA:2,(anonymous_6)
FNDA:3,(anonymous_7)
FNDA:3,(anonymous_8)
FNDA:9,(anonymous_9)
DA:1,2
DA:7,2
DA:8,2
DA:9,2
DA:21,2
DA:22,9
DA:23,9
DA:26,9
DA:27,9
DA:36,1
DA:45,2
DA:59,3
DA:61,3
DA:72,3
DA:73,3
DA:75,3
DA:76,1
DA:79,2
DA:81,2
DA:82,1
DA:85,1
DA:90,1
LF:22
LH:22
BRDA:75,0,0,1
BRDA:81,1,0,1
BRF:2
BRH:2
end_of_record
TN:
SF:src/components/project/project.module.ts
FN:13,(anonymous_1)
FN:14,(anonymous_2)
FNF:2
FNH:0
FNDA:0,(anonymous_1)
FNDA:0,(anonymous_2)
DA:1,0
DA:2,0
DA:3,0
DA:4,0
DA:5,0
DA:6,0
DA:7,0
DA:13,0
DA:14,0
DA:20,0
LF:10
LH:0
BRF:0
BRH:0
end_of_record
TN:
SF:src/components/project-environment/project-environment.module.ts
FN:11,(anonymous_1)
FNF:1
FNH:0
FNDA:0,(anonymous_1)
DA:1,0
DA:2,0
DA:3,0
DA:4,0
DA:5,0
DA:11,0
DA:16,0
LF:7
LH:0
BRF:0
BRH:0
end_of_record
TN:
SF:src/components/project-environment/entities/project-environment.entity.ts
FN:54,(anonymous_2)
FN:58,(anonymous_3)
FNF:2
FNH:1
FNDA:1,(anonymous_2)
FNDA:0,(anonymous_3)
DA:1,9
DA:2,9
DA:11,9
DA:15,9
DA:18,9
DA:19,9
DA:23,9
DA:26,9
DA:29,9
DA:32,9
DA:35,9
DA:38,9
DA:41,9
DA:44,9
DA:47,9
DA:50,9
DA:53,9
DA:55,1
DA:58,9
LF:19
LH:19
BRF:0
BRH:0
end_of_record
TN:
SF:src/components/project-environment/enum/project-environment.enum.ts
FN:1,(anonymous_0)
FN:8,(anonymous_1)
FNF:2
FNH:2
FNDA:12,(anonymous_0)
FNDA:12,(anonymous_1)
DA:1,12
DA:2,12
DA:3,12
DA:4,12
DA:5,12
DA:8,12
DA:9,12
DA:10,12
LF:8
LH:8
BRDA:1,0,0,12
BRDA:1,0,1,12
BRDA:8,1,0,12
BRDA:8,1,1,12
BRF:4
BRH:4
end_of_record
TN:
SF:src/components/project-environment/services/project-environment.service.ts
FN:29,(anonymous_4)
FN:38,(anonymous_5)
FN:48,(anonymous_6)
FN:63,(anonymous_7)
FN:97,(anonymous_8)
FN:113,(anonymous_9)
FN:131,(anonymous_10)
FN:151,(anonymous_11)
FN:158,(anonymous_12)
FN:164,(anonymous_13)
FN:186,(anonymous_14)
FN:201,(anonymous_15)
FN:221,(anonymous_16)
FN:32,(anonymous_17)
FNF:14
FNH:14
FNDA:22,(anonymous_4)
FNDA:5,(anonymous_5)
FNDA:1,(anonymous_6)
FNDA:1,(anonymous_7)
FNDA:2,(anonymous_8)
FNDA:5,(anonymous_9)
FNDA:3,(anonymous_10)
FNDA:1,(anonymous_11)
FNDA:1,(anonymous_12)
FNDA:1,(anonymous_13)
FNDA:1,(anonymous_14)
FNDA:2,(anonymous_15)
FNDA:1,(anonymous_16)
FNDA:22,(anonymous_17)
DA:1,6
DA:8,6
DA:10,6
DA:17,6
DA:18,6
DA:25,6
DA:28,6
DA:31,22
DA:32,22
DA:33,22
DA:35,22
DA:39,5
DA:42,5
DA:43,3
DA:45,2
DA:52,1
DA:56,1
DA:57,1
DA:67,1
DA:69,1
DA:74,1
DA:78,1
DA:87,1
DA:89,1
DA:94,1
DA:102,2
DA:106,2
DA:107,1
DA:110,1
DA:114,5
DA:116,5
DA:117,1
DA:120,5
DA:121,1
DA:124,5
DA:125,1
DA:128,5
DA:135,3
DA:136,1
DA:137,1
DA:139,1
DA:148,3
DA:152,1
DA:159,1
DA:167,1
DA:168,1
DA:170,1
DA:177,1
DA:182,1
DA:183,1
DA:190,1
DA:194,1
DA:195,0
DA:198,1
DA:202,2
DA:206,2
DA:207,0
DA:211,2
DA:218,2
DA:226,1
LF:60
LH:58
BRDA:42,0,0,3
BRDA:56,1,0,1
BRDA:106,2,0,1
BRDA:116,3,0,1
BRDA:120,4,0,1
BRDA:124,5,0,1
BRDA:135,6,0,1
BRDA:194,7,0,0
BRDA:206,8,0,0
BRF:9
BRH:7
end_of_record
TN:
SF:src/components/project-event/project-event.module.ts
FN:15,(anonymous_1)
FNF:1
FNH:0
FNDA:0,(anonymous_1)
DA:1,0
DA:2,0
DA:3,0
DA:4,0
DA:5,0
DA:6,0
DA:7,0
DA:8,0
DA:15,0
DA:21,0
LF:10
LH:0
BRF:0
BRH:0
end_of_record
TN:
SF:src/components/project-event/controllers/project-event.controller.ts
FN:15,(anonymous_4)
FN:22,(anonymous_5)
FN:16,(anonymous_6)
FNF:3
FNH:3
FNDA:1,(anonymous_4)
FNDA:1,(anonymous_5)
FNDA:1,(anonymous_6)
DA:1,1
DA:9,1
DA:10,1
DA:11,1
DA:14,1
DA:16,1
DA:17,1
DA:22,1
DA:23,1
DA:24,1
DA:30,1
LF:11
LH:11
BRF:0
BRH:0
end_of_record
TN:
SF:src/components/project-event/entities/project-event.entity.ts
FN:49,(anonymous_2)
FN:53,(anonymous_3)
FN:53,(anonymous_4)
FNF:3
FNH:1
FNDA:1,(anonymous_2)
FNDA:0,(anonymous_3)
FNDA:0,(anonymous_4)
DA:1,7
DA:2,7
DA:3,7
DA:12,7
DA:16,7
DA:17,7
DA:21,7
DA:24,7
DA:27,7
DA:30,7
DA:33,7
DA:36,7
DA:39,7
DA:42,7
DA:45,7
DA:48,7
DA:50,1
DA:53,7
LF:18
LH:18
BRF:0
BRH:0
end_of_record
TN:
SF:src/components/project-event/processors/project-event.processor.ts
FN:7,(anonymous_2)
FN:10,(anonymous_3)
FNF:2
FNH:2
FNDA:1,(anonymous_2)
FNDA:1,(anonymous_3)
DA:1,1
DA:2,1
DA:6,1
DA:7,1
DA:10,1
DA:11,1
LF:6
LH:6
BRF:0
BRH:0
end_of_record
TN:
SF:src/components/project-event/services/project-event.service.ts
FN:30,(anonymous_4)
FN:41,(anonymous_5)
FN:49,(anonymous_6)
FN:58,(anonymous_7)
FN:67,(anonymous_8)
FN:78,(anonymous_9)
FN:85,(anonymous_10)
FN:107,(anonymous_11)
FN:113,(anonymous_12)
FN:130,(anonymous_13)
FN:145,(anonymous_14)
FN:154,(anonymous_15)
FN:170,(anonymous_16)
FN:195,(anonymous_17)
FN:199,(anonymous_18)
FN:204,(anonymous_19)
FN:214,(anonymous_20)
FN:216,(anonymous_21)
FN:245,(anonymous_22)
FN:249,(anonymous_23)
FN:254,(anonymous_24)
FN:264,(anonymous_25)
FN:35,(anonymous_26)
FNF:23
FNH:19
FNDA:25,(anonymous_4)
FNDA:4,(anonymous_5)
FNDA:4,(anonymous_6)
FNDA:2,(anonymous_7)
FNDA:1,(anonymous_8)
FNDA:1,(anonymous_9)
FNDA:7,(anonymous_10)
FNDA:1,(anonymous_11)
FNDA:1,(anonymous_12)
FNDA:1,(anonymous_13)
FNDA:1,(anonymous_14)
FNDA:0,(anonymous_15)
FNDA:0,(anonymous_16)
FNDA:1,(anonymous_17)
FNDA:3,(anonymous_18)
FNDA:1,(anonymous_19)
FNDA:0,(anonymous_20)
FNDA:0,(anonymous_21)
FNDA:1,(anonymous_22)
FNDA:3,(anonymous_23)
FNDA:1,(anonymous_24)
FNDA:1,(anonymous_25)
FNDA:25,(anonymous_26)
DA:1,6
DA:7,6
DA:9,6
DA:10,6
DA:11,6
DA:14,6
DA:15,6
DA:16,6
DA:18,6
DA:20,6
DA:23,6
DA:24,25
DA:25,25
DA:26,25
DA:27,25
DA:28,25
DA:32,25
DA:34,25
DA:35,25
DA:36,25
DA:38,25
DA:42,4
DA:43,4
DA:44,2
DA:46,2
DA:51,4
DA:55,4
DA:60,2
DA:64,2
DA:68,1
DA:79,1
DA:86,7
DA:88,7
DA:89,1
DA:92,7
DA:93,1
DA:96,7
DA:97,1
DA:100,7
DA:101,2
DA:104,7
DA:108,1
DA:116,1
DA:117,1
DA:119,1
DA:126,1
DA:127,1
DA:134,1
DA:138,1
DA:139,0
DA:142,1
DA:148,1
DA:149,1
DA:150,1
DA:151,1
DA:155,0
DA:159,0
DA:161,0
DA:163,0
DA:164,0
DA:165,0
DA:170,0
DA:171,0
DA:172,0
DA:181,0
DA:183,0
DA:184,0
DA:187,0
DA:191,0
DA:196,1
DA:200,3
DA:201,3
DA:209,1
DA:210,1
DA:212,1
DA:214,0
DA:215,0
DA:217,0
DA:230,0
DA:236,0
DA:237,0
DA:246,1
DA:249,3
DA:255,1
DA:257,1
DA:259,1
DA:265,1
DA:266,1
DA:268,0
LF:89
LH:67
BRDA:43,0,0,2
BRDA:51,1,0,3
BRDA:51,1,1,1
BRDA:60,2,0,1
BRDA:60,2,1,1
BRDA:88,3,0,1
BRDA:92,4,0,1
BRDA:96,5,0,1
BRDA:100,6,0,2
BRDA:138,7,0,0
BRDA:159,8,0,0
BRDA:181,9,0,0
BRDA:212,10,0,1
BRDA:249,11,0,1
BRDA:249,11,1,2
BRF:15
BRH:12
end_of_record
TN:
SF:src/components/project/controllers/project.controller.ts
FN:26,(anonymous_4)
FN:33,(anonymous_5)
FN:41,(anonymous_6)
FN:54,(anonymous_7)
FN:62,(anonymous_8)
FN:74,(anonymous_9)
FN:82,(anonymous_10)
FN:96,(anonymous_11)
FN:109,(anonymous_12)
FN:123,(anonymous_13)
FN:138,(anonymous_14)
FN:27,(anonymous_15)
FNF:12
FNH:12
FNDA:10,(anonymous_4)
FNDA:1,(anonymous_5)
FNDA:1,(anonymous_6)
FNDA:1,(anonymous_7)
FNDA:1,(anonymous_8)
FNDA:1,(anonymous_9)
FNDA:1,(anonymous_10)
FNDA:1,(anonymous_11)
FNDA:1,(anonymous_12)
FNDA:1,(anonymous_13)
FNDA:1,(anonymous_14)
FNDA:10,(anonymous_15)
DA:1,1
DA:15,1
DA:16,1
DA:17,1
DA:18,1
DA:25,1
DA:27,10
DA:28,10
DA:33,1
DA:34,1
DA:35,1
DA:36,1
DA:41,1
DA:42,1
DA:43,1
DA:49,1
DA:54,1
DA:55,1
DA:56,1
DA:57,1
DA:62,1
DA:67,1
DA:68,1
DA:69,1
DA:74,1
DA:75,1
DA:76,1
DA:77,1
DA:82,1
DA:87,1
DA:88,1
DA:91,1
DA:96,1
DA:100,1
DA:101,1
DA:104,1
DA:109,1
DA:114,1
DA:115,1
DA:118,1
DA:123,1
DA:127,1
DA:128,1
DA:133,1
DA:138,1
DA:142,1
DA:143,1
DA:148,1
LF:48
LH:48
BRF:0
BRH:0
end_of_record
TN:
SF:src/components/project/dto/project.dto.ts
FNF:0
FNH:0
DA:2,1
DA:14,1
DA:16,1
DA:17,1
DA:22,1
DA:25,1
DA:29,1
DA:32,1
DA:38,1
DA:42,1
DA:43,1
DA:49,1
DA:53,1
DA:61,1
DA:62,1
DA:65,1
DA:69,1
LF:17
LH:17
BRF:0
BRH:0
end_of_record
TN:
SF:src/components/project/entities/project.entity.ts
FN:17,(anonymous_2)
FN:49,(anonymous_3)
FN:53,(anonymous_4)
FN:53,(anonymous_5)
FNF:4
FNH:1
FNDA:0,(anonymous_2)
FNDA:1,(anonymous_3)
FNDA:0,(anonymous_4)
FNDA:0,(anonymous_5)
DA:1,9
DA:2,9
DA:3,9
DA:12,9
DA:13,9
DA:16,9
DA:18,0
DA:20,9
DA:24,9
DA:27,9
DA:30,9
DA:33,9
DA:36,9
DA:39,9
DA:42,9
DA:45,9
DA:48,9
DA:50,1
DA:53,9
LF:19
LH:18
BRF:0
BRH:0
end_of_record
TN:
SF:src/components/project/enum/project.enum.ts
FN:1,(anonymous_0)
FNF:1
FNH:1
FNDA:9,(anonymous_0)
DA:1,9
DA:2,9
DA:3,9
DA:4,9
DA:5,9
LF:5
LH:5
BRDA:1,0,0,9
BRDA:1,0,1,9
BRF:2
BRH:2
end_of_record
TN:
SF:src/components/project/services/project.service.ts
FN:31,(anonymous_4)
FN:42,(anonymous_5)
FN:50,(anonymous_6)
FN:56,(anonymous_7)
FN:85,(anonymous_8)
FN:109,(anonymous_9)
FN:115,(anonymous_10)
FN:130,(anonymous_11)
FN:143,(anonymous_12)
FN:148,(anonymous_13)
FN:164,(anonymous_14)
FN:169,(anonymous_15)
FN:178,(anonymous_16)
FN:186,(anonymous_17)
FN:34,(anonymous_18)
FN:36,(anonymous_19)
FNF:16
FNH:15
FNDA:17,(anonymous_4)
FNDA:4,(anonymous_5)
FNDA:1,(anonymous_6)
FNDA:0,(anonymous_7)
FNDA:2,(anonymous_8)
FNDA:1,(anonymous_9)
FNDA:1,(anonymous_10)
FNDA:8,(anonymous_11)
FNDA:1,(anonymous_12)
FNDA:1,(anonymous_13)
FNDA:1,(anonymous_14)
FNDA:2,(anonymous_15)
FNDA:1,(anonymous_16)
FNDA:1,(anonymous_17)
FNDA:17,(anonymous_18)
FNDA:17,(anonymous_19)
DA:1,5
DA:8,5
DA:10,5
DA:17,5
DA:18,5
DA:25,5
DA:26,5
DA:27,5
DA:30,5
DA:33,17
DA:34,17
DA:35,17
DA:36,17
DA:37,17
DA:39,17
DA:43,4
DA:44,4
DA:45,2
DA:47,2
DA:54,1
DA:56,1
DA:57,0
DA:59,0
DA:61,0
DA:68,0
DA:71,0
DA:81,0
DA:90,2
DA:94,2
DA:95,1
DA:98,1
DA:100,1
DA:101,1
DA:104,1
DA:106,1
DA:110,1
DA:116,1
DA:118,1
DA:126,1
DA:127,1
DA:131,8
DA:136,8
DA:137,0
DA:140,8
DA:144,1
DA:145,1
DA:153,1
DA:155,1
DA:165,1
DA:166,1
DA:174,2
DA:175,2
DA:179,1
DA:180,1
DA:187,1
DA:188,1
DA:192,1
LF:57
LH:50
BRDA:44,0,0,2
BRDA:94,1,0,1
BRDA:100,2,0,1
BRDA:121,3,0,0
BRDA:121,3,1,1
BRDA:121,4,0,1
BRDA:121,4,1,1
BRDA:122,5,0,0
BRDA:122,5,1,1
BRDA:122,6,0,1
BRDA:122,6,1,1
BRDA:136,7,0,0
BRF:12
BRH:9
end_of_record
TN:
SF:src/components/seeders/entities/seeder.entity.ts
FNF:0
FNH:0
DA:1,0
DA:2,0
DA:11,0
DA:12,0
DA:16,0
DA:19,0
DA:22,0
LF:7
LH:0
BRF:0
BRH:0
end_of_record
TN:
SF:src/components/user/user.module.ts
FNF:0
FNH:0
DA:1,0
DA:2,0
DA:3,0
DA:4,0
DA:12,0
LF:5
LH:0
BRF:0
BRH:0
end_of_record
TN:
SF:src/components/user/entities/user.entity.ts
FN:43,(anonymous_2)
FNF:1
FNH:1
FNDA:1,(anonymous_2)
DA:1,8
DA:2,8
DA:12,8
DA:13,8
DA:17,8
DA:20,8
DA:23,8
DA:26,8
DA:29,8
DA:33,8
DA:36,8
DA:39,8
DA:42,8
DA:44,1
LF:14
LH:14
BRF:0
BRH:0
end_of_record
TN:
SF:src/components/user/services/user.service.ts
FN:22,(anonymous_4)
FN:29,(anonymous_5)
FN:37,(anonymous_6)
FN:44,(anonymous_7)
FN:57,(anonymous_8)
FN:63,(anonymous_9)
FN:67,(anonymous_10)
FN:73,(anonymous_11)
FN:77,(anonymous_12)
FNF:9
FNH:9
FNDA:9,(anonymous_4)
FNDA:2,(anonymous_5)
FNDA:2,(anonymous_6)
FNDA:2,(anonymous_7)
FNDA:2,(anonymous_8)
FNDA:1,(anonymous_9)
FNDA:2,(anonymous_10)
FNDA:1,(anonymous_11)
FNDA:2,(anonymous_12)
DA:1,7
DA:6,7
DA:8,7
DA:15,7
DA:16,7
DA:18,7
DA:21,7
DA:24,9
DA:26,9
DA:30,2
DA:31,2
DA:32,1
DA:34,1
DA:38,2
DA:39,2
DA:40,1
DA:48,2
DA:49,1
DA:50,1
DA:54,1
DA:58,2
DA:64,1
DA:68,2
DA:74,1
DA:81,2
DA:82,2
DA:83,1
LF:27
LH:27
BRDA:31,0,0,1
BRDA:39,1,0,1
BRDA:82,2,0,1
BRF:3
BRH:3
end_of_record
